#
# There is insufficient memory for the Java Runtime Environment to continue.
# Native memory allocation (mmap) failed to map 176160768 bytes for committing reserved memory.
# Possible reasons:
#   The system is out of physical RAM or swap space
#   In 32 bit mode, the process size limit was hit
# Possible solutions:
#   Reduce memory load on the system
#   Increase physical memory or swap space
#   Check if swap backing store is full
#   Use 64 bit Java on a 64 bit OS
#   Decrease Java heap size (-Xmx/-Xms)
#   Decrease number of Java threads
#   Decrease Java thread stack sizes (-Xss)
#   Set larger code cache with -XX:ReservedCodeCacheSize=
# This output file may be truncated or incomplete.
#
#  Out of Memory Error (os_linux.cpp:2640), pid=18635, tid=0x00007f531834e700
#
# JRE version: OpenJDK Runtime Environment (8.0_152-b01) (build 1.8.0_152-release-915-b01)
# Java VM: OpenJDK 64-Bit Server VM (25.152-b01 mixed mode linux-amd64 compressed oops)
# Failed to write core dump. Core dumps have been disabled. To enable core dumping, try "ulimit -c unlimited" before starting Java again
#

---------------  T H R E A D  ---------------

Current thread (0x00007f5328079000):  VMThread [stack: 0x00007f531824e000,0x00007f531834f000] [id=18647]

Stack: [0x00007f531824e000,0x00007f531834f000],  sp=0x00007f531834d450,  free space=1021k
Native frames: (J=compiled Java code, j=interpreted, Vv=VM code, C=native code)
V  [libjvm.so+0x9eb15d]  VMError::report_and_die()+0x15d
V  [libjvm.so+0x4b8eaa]  report_vm_out_of_memory(char const*, int, unsigned long, VMErrorType, char const*)+0x8a
V  [libjvm.so+0x851370]  os::pd_commit_memory(char*, unsigned long, unsigned long, bool)+0xf0
V  [libjvm.so+0x84be8f]  os::commit_memory(char*, unsigned long, unsigned long, bool)+0x1f
V  [libjvm.so+0x8c261b]  PSVirtualSpace::expand_by(unsigned long)+0x5b
V  [libjvm.so+0x8c3290]  PSYoungGen::resize_generation(unsigned long, unsigned long)+0xb0
V  [libjvm.so+0x8c35ab]  PSYoungGen::resize(unsigned long, unsigned long)+0x1b
V  [libjvm.so+0x8bfc9c]  PSScavenge::invoke_no_policy()+0xdac
V  [libjvm.so+0x8b97a0]  PSParallelCompact::invoke(bool)+0x40
V  [libjvm.so+0x448a93]  CollectedHeap::collect_as_vm_thread(GCCause::Cause)+0x143
V  [libjvm.so+0x9ec5a1]  VM_CollectForMetadataAllocation::doit()+0x141
V  [libjvm.so+0x9f1197]  VM_Operation::evaluate()+0x47
V  [libjvm.so+0x9efb78]  VMThread::evaluate_operation(VM_Operation*)+0x2c8
V  [libjvm.so+0x9efff9]  VMThread::loop()+0x219
V  [libjvm.so+0x9f0442]  VMThread::run()+0x72
V  [libjvm.so+0x84e792]  java_start(Thread*)+0xf2

VM_Operation (0x00007f52dbbf15e0): CollectForMetadataAllocation, mode: safepoint, requested by thread 0x00007f52c800a800


---------------  P R O C E S S  ---------------

Java Threads: ( => current thread )
  0x00007f52c5132000 JavaThread "Memory manager" [_thread_blocked, id=18695, stack(0x00007f52d8fc7000,0x00007f52d90c8000)]
  0x00007f52c4e2e000 JavaThread "pool-1-thread-1" [_thread_blocked, id=18694, stack(0x00007f52d92c8000,0x00007f52d93c9000)]
  0x00007f52c46c0000 JavaThread "build operations Thread 4" [_thread_blocked, id=18693, stack(0x00007f52d9dc0000,0x00007f52d9ec1000)]
  0x00007f52c46be800 JavaThread "build operations Thread 3" [_thread_blocked, id=18692, stack(0x00007f52d9ec1000,0x00007f52d9fc2000)]
  0x00007f52c43fe800 JavaThread "build operations Thread 2" [_thread_blocked, id=18691, stack(0x00007f52d9fc2000,0x00007f52da0c3000)]
  0x00007f52c43fd800 JavaThread "build operations" [_thread_blocked, id=18690, stack(0x00007f52da0c3000,0x00007f52da1c4000)]
  0x00007f52c4517800 JavaThread "Cache worker for Artifact transforms cache (/home/sridhar/.gradle/caches/transforms-1)" [_thread_blocked, id=18688, stack(0x00007f52daa4d000,0x00007f52dab4e000)]
  0x00007f52c4200800 JavaThread "Cache worker for file hash cache (/home/sridhar/AndroidStudioProjects/lookback/.gradle/4.1/fileHashes)" [_thread_blocked, id=18685, stack(0x00007f52db1f6000,0x00007f52db2f7000)]
  0x00007f52c413c000 JavaThread "File lock request listener" [_thread_in_native, id=18684, stack(0x00007f52db4f7000,0x00007f52db5f8000)]
  0x00007f52c4138000 JavaThread "Cache worker for file hash cache (/home/sridhar/.gradle/caches/4.1/fileHashes)" [_thread_blocked, id=18683, stack(0x00007f52db5f8000,0x00007f52db6f9000)]
  0x00007f52c400f000 JavaThread "Asynchronous log dispatcher for DefaultDaemonConnection: socket connection from /127.0.0.1:34041 to /127.0.0.1:38560" [_thread_blocked, id=18680, stack(0x00007f52db9fa000,0x00007f52dbafb000)]
  0x00007f52c800a800 JavaThread "Daemon worker" [_thread_blocked, id=18677, stack(0x00007f52dbafb000,0x00007f52dbbfc000)]
  0x00007f52c8008800 JavaThread "Cancel handler" [_thread_blocked, id=18676, stack(0x00007f52dbbfc000,0x00007f52dbcfd000)]
  0x00007f52c8004000 JavaThread "Handler for socket connection from /127.0.0.1:34041 to /127.0.0.1:38560" [_thread_in_native, id=18675, stack(0x00007f52dbcfd000,0x00007f52dbdfe000)]
  0x00007f52d4021800 JavaThread "Daemon" [_thread_blocked, id=18674, stack(0x00007f52dbdfe000,0x00007f52dbeff000)]
  0x00007f5328cc0800 JavaThread "Daemon periodic checks" [_thread_blocked, id=18673, stack(0x00007f52dbeff000,0x00007f52dc000000)]
  0x00007f5328ca8800 JavaThread "Incoming local TCP Connector on port 34041" [_thread_in_native, id=18672, stack(0x00007f530808b000,0x00007f530818c000)]
  0x00007f53280c9000 JavaThread "Service Thread" daemon [_thread_blocked, id=18655, stack(0x00007f531081f000,0x00007f5310920000)]
  0x00007f53280be000 JavaThread "C1 CompilerThread2" daemon [_thread_blocked, id=18654, stack(0x00007f5310920000,0x00007f5310a21000)]
  0x00007f53280bc000 JavaThread "C2 CompilerThread1" daemon [_thread_blocked, id=18653, stack(0x00007f5310a21000,0x00007f5310b22000)]
  0x00007f53280b9000 JavaThread "C2 CompilerThread0" daemon [_thread_blocked, id=18652, stack(0x00007f5310b22000,0x00007f5310c23000)]
  0x00007f53280b8000 JavaThread "Signal Dispatcher" daemon [_thread_blocked, id=18651, stack(0x00007f5310c23000,0x00007f5310d24000)]
  0x00007f5328085800 JavaThread "Finalizer" daemon [_thread_blocked, id=18650, stack(0x00007f531804c000,0x00007f531814d000)]
  0x00007f5328080800 JavaThread "Reference Handler" daemon [_thread_blocked, id=18648, stack(0x00007f531814d000,0x00007f531824e000)]
  0x00007f532800b800 JavaThread "main" [_thread_blocked, id=18639, stack(0x00007f5330b2e000,0x00007f5330c2f000)]

Other Threads:
=>0x00007f5328079000 VMThread [stack: 0x00007f531824e000,0x00007f531834f000] [id=18647]
  0x00007f53280cb800 WatcherThread [stack: 0x00007f531071e000,0x00007f531081f000] [id=18656]

VM state:at safepoint (normal execution)

VM Mutex/Monitor currently owned by a thread:  ([mutex/lock_event])
[0x00007f5328007d90] Threads_lock - owner thread: 0x00007f5328079000
[0x00007f5328008290] Heap_lock - owner thread: 0x00007f52c800a800

Heap:
 PSYoungGen      total 322560K, used 11520K [0x00000000e0000000, 0x00000000f5200000, 0x0000000100000000)
  eden space 299520K, 0% used [0x00000000e0000000,0x00000000e0000000,0x00000000f2480000)
  from space 23040K, 50% used [0x00000000f2480000,0x00000000f2fc0000,0x00000000f3b00000)
  to   space 17408K, 0% used [0x00000000f3b00000,0x00000000f3b00000,0x00000000f4c00000)
 ParOldGen       total 48640K, used 48153K [0x00000000a0000000, 0x00000000a2f80000, 0x00000000e0000000)
  object space 48640K, 99% used [0x00000000a0000000,0x00000000a2f06678,0x00000000a2f80000)
 Metaspace       used 57029K, capacity 58904K, committed 58968K, reserved 1099776K
  class space    used 7730K, capacity 8256K, committed 8320K, reserved 1048576K

Card table byte_map: [0x00007f532d659000,0x00007f532d95a000] byte_map_base: 0x00007f532d159000

Marking Bits: (ParMarkBitMap*) 0x00007f532ffeb3e0
 Begin Bits: [0x00007f5311000000, 0x00007f5312800000)
 End Bits:   [0x00007f5312800000, 0x00007f5314000000)

Polling page: 0x00007f5330c58000

CodeCache: size=245760Kb used=22120Kb max_used=22153Kb free=223639Kb
 bounds [0x00007f5319000000, 0x00007f531a5f0000, 0x00007f5328000000]
 total_blobs=6947 nmethods=6172 adapters=688
 compilation: enabled

Compilation events (10 events):
Event: 91.636 Thread 0x00007f53280bc000 7118 %     4       groovy.lang.MetaClassImpl::applyStrayPropertyMethods @ 57 (293 bytes)
Event: 91.712 Thread 0x00007f53280be000 7119       3       org.gradle.api.internal.attributes.ImmutableAttributes::isEmpty (13 bytes)
Event: 91.713 Thread 0x00007f53280be000 nmethod 7119 0x00007f53199b4850 code [0x00007f53199b49c0, 0x00007f53199b4b70]
Event: 91.714 Thread 0x00007f53280be000 7120       1       org.gradle.api.internal.artifacts.ivyservice.resolveengine.artifact.DefaultArtifactSet::getSchema (5 bytes)
Event: 91.714 Thread 0x00007f53280be000 nmethod 7120 0x00007f5319109e50 code [0x00007f5319109fa0, 0x00007f531910a0b0]
Event: 91.714 Thread 0x00007f53280be000 7121       1       org.gradle.api.internal.artifacts.ivyservice.resolveengine.artifact.ArtifactBackedResolvedVariant::getAttributes (5 bytes)
Event: 91.714 Thread 0x00007f53280be000 nmethod 7121 0x00007f5319131fd0 code [0x00007f5319132120, 0x00007f5319132230]
Event: 91.715 Thread 0x00007f53280be000 7122       1       org.gradle.api.internal.artifacts.ivyservice.resolveengine.artifact.ArtifactBackedResolvedVariant::getArtifacts (5 bytes)
Event: 91.715 Thread 0x00007f53280be000 nmethod 7122 0x00007f5319166290 code [0x00007f53191663e0, 0x00007f53191664f0]
Event: 91.725 Thread 0x00007f53280bc000 nmethod 7118% 0x00007f5319e47150 code [0x00007f5319e47520, 0x00007f5319e49f20]

GC Heap History (10 events):
Event: 42.384 GC heap after
Heap after GC invocations=8 (full 1):
 PSYoungGen      total 134144K, used 9710K [0x00000000e0000000, 0x00000000ee300000, 0x0000000100000000)
  eden space 124416K, 0% used [0x00000000e0000000,0x00000000e0000000,0x00000000e7980000)
  from space 9728K, 99% used [0x00000000e7980000,0x00000000e82fbbc8,0x00000000e8300000)
  to   space 12288K, 0% used [0x00000000ed700000,0x00000000ed700000,0x00000000ee300000)
 ParOldGen       total 35328K, used 10966K [0x00000000a0000000, 0x00000000a2280000, 0x00000000e0000000)
  object space 35328K, 31% used [0x00000000a0000000,0x00000000a0ab5af8,0x00000000a2280000)
 Metaspace       used 32131K, capacity 32774K, committed 32896K, reserved 1077248K
  class space    used 4402K, capacity 4652K, committed 4736K, reserved 1048576K
}
Event: 45.119 GC heap before
{Heap before GC invocations=9 (full 1):
 PSYoungGen      total 134144K, used 28792K [0x00000000e0000000, 0x00000000ee300000, 0x0000000100000000)
  eden space 124416K, 15% used [0x00000000e0000000,0x00000000e12a25d0,0x00000000e7980000)
  from space 9728K, 99% used [0x00000000e7980000,0x00000000e82fbbc8,0x00000000e8300000)
  to   space 12288K, 0% used [0x00000000ed700000,0x00000000ed700000,0x00000000ee300000)
 ParOldGen       total 35328K, used 10966K [0x00000000a0000000, 0x00000000a2280000, 0x00000000e0000000)
  object space 35328K, 31% used [0x00000000a0000000,0x00000000a0ab5af8,0x00000000a2280000)
 Metaspace       used 34610K, capacity 35322K, committed 35416K, reserved 1079296K
  class space    used 4662K, capacity 4922K, committed 4992K, reserved 1048576K
Event: 45.143 GC heap after
Heap after GC invocations=9 (full 1):
 PSYoungGen      total 219136K, used 9939K [0x00000000e0000000, 0x00000000ef100000, 0x0000000100000000)
  eden space 206848K, 0% used [0x00000000e0000000,0x00000000e0000000,0x00000000eca00000)
  from space 12288K, 80% used [0x00000000ed700000,0x00000000ee0b4d00,0x00000000ee300000)
  to   space 13312K, 0% used [0x00000000eca00000,0x00000000eca00000,0x00000000ed700000)
 ParOldGen       total 35328K, used 10974K [0x00000000a0000000, 0x00000000a2280000, 0x00000000e0000000)
  object space 35328K, 31% used [0x00000000a0000000,0x00000000a0ab7af8,0x00000000a2280000)
 Metaspace       used 34610K, capacity 35322K, committed 35416K, reserved 1079296K
  class space    used 4662K, capacity 4922K, committed 4992K, reserved 1048576K
}
Event: 45.143 GC heap before
{Heap before GC invocations=10 (full 2):
 PSYoungGen      total 219136K, used 9939K [0x00000000e0000000, 0x00000000ef100000, 0x0000000100000000)
  eden space 206848K, 0% used [0x00000000e0000000,0x00000000e0000000,0x00000000eca00000)
  from space 12288K, 80% used [0x00000000ed700000,0x00000000ee0b4d00,0x00000000ee300000)
  to   space 13312K, 0% used [0x00000000eca00000,0x00000000eca00000,0x00000000ed700000)
 ParOldGen       total 35328K, used 10974K [0x00000000a0000000, 0x00000000a2280000, 0x00000000e0000000)
  object space 35328K, 31% used [0x00000000a0000000,0x00000000a0ab7af8,0x00000000a2280000)
 Metaspace       used 34610K, capacity 35322K, committed 35416K, reserved 1079296K
  class space    used 4662K, capacity 4922K, committed 4992K, reserved 1048576K
Event: 45.319 GC heap after
Heap after GC invocations=10 (full 2):
 PSYoungGen      total 219136K, used 0K [0x00000000e0000000, 0x00000000ef100000, 0x0000000100000000)
  eden space 206848K, 0% used [0x00000000e0000000,0x00000000e0000000,0x00000000eca00000)
  from space 12288K, 0% used [0x00000000ed700000,0x00000000ed700000,0x00000000ee300000)
  to   space 13312K, 0% used [0x00000000eca00000,0x00000000eca00000,0x00000000ed700000)
 ParOldGen       total 47104K, used 16570K [0x00000000a0000000, 0x00000000a2e00000, 0x00000000e0000000)
  object space 47104K, 35% used [0x00000000a0000000,0x00000000a102e868,0x00000000a2e00000)
 Metaspace       used 34587K, capacity 35234K, committed 35416K, reserved 1079296K
  class space    used 4655K, capacity 4914K, committed 4992K, reserved 1048576K
}
Event: 77.032 GC heap before
{Heap before GC invocations=11 (full 2):
 PSYoungGen      total 219136K, used 206848K [0x00000000e0000000, 0x00000000ef100000, 0x0000000100000000)
  eden space 206848K, 100% used [0x00000000e0000000,0x00000000eca00000,0x00000000eca00000)
  from space 12288K, 0% used [0x00000000ed700000,0x00000000ed700000,0x00000000ee300000)
  to   space 13312K, 0% used [0x00000000eca00000,0x00000000eca00000,0x00000000ed700000)
 ParOldGen       total 47104K, used 16570K [0x00000000a0000000, 0x00000000a2e00000, 0x00000000e0000000)
  object space 47104K, 35% used [0x00000000a0000000,0x00000000a102e868,0x00000000a2e00000)
 Metaspace       used 49706K, capacity 50856K, committed 51032K, reserved 1093632K
  class space    used 6601K, capacity 6987K, committed 7040K, reserved 1048576K
Event: 78.512 GC heap after
Heap after GC invocations=11 (full 2):
 PSYoungGen      total 220160K, used 13299K [0x00000000e0000000, 0x00000000f4c00000, 0x0000000100000000)
  eden space 206848K, 0% used [0x00000000e0000000,0x00000000e0000000,0x00000000eca00000)
  from space 13312K, 99% used [0x00000000eca00000,0x00000000ed6fcd48,0x00000000ed700000)
  to   space 17408K, 0% used [0x00000000f3b00000,0x00000000f3b00000,0x00000000f4c00000)
 ParOldGen       total 47104K, used 22567K [0x00000000a0000000, 0x00000000a2e00000, 0x00000000e0000000)
  object space 47104K, 47% used [0x00000000a0000000,0x00000000a1609fa0,0x00000000a2e00000)
 Metaspace       used 49706K, capacity 50856K, committed 51032K, reserved 1093632K
  class space    used 6601K, capacity 6987K, committed 7040K, reserved 1048576K
}
Event: 89.590 GC heap before
{Heap before GC invocations=12 (full 2):
 PSYoungGen      total 220160K, used 220147K [0x00000000e0000000, 0x00000000f4c00000, 0x0000000100000000)
  eden space 206848K, 100% used [0x00000000e0000000,0x00000000eca00000,0x00000000eca00000)
  from space 13312K, 99% used [0x00000000eca00000,0x00000000ed6fcd48,0x00000000ed700000)
  to   space 17408K, 0% used [0x00000000f3b00000,0x00000000f3b00000,0x00000000f4c00000)
 ParOldGen       total 47104K, used 22567K [0x00000000a0000000, 0x00000000a2e00000, 0x00000000e0000000)
  object space 47104K, 47% used [0x00000000a0000000,0x00000000a1609fa0,0x00000000a2e00000)
 Metaspace       used 56403K, capacity 58160K, committed 58328K, reserved 1099776K
  class space    used 7625K, capacity 8097K, committed 8192K, reserved 1048576K
Event: 89.628 GC heap after
Heap after GC invocations=12 (full 2):
 PSYoungGen      total 316928K, used 17381K [0x00000000e0000000, 0x00000000f5200000, 0x0000000100000000)
  eden space 299520K, 0% used [0x00000000e0000000,0x00000000e0000000,0x00000000f2480000)
  from space 17408K, 99% used [0x00000000f3b00000,0x00000000f4bf94d0,0x00000000f4c00000)
  to   space 23040K, 0% used [0x00000000f2480000,0x00000000f2480000,0x00000000f3b00000)
 ParOldGen       total 47104K, used 30821K [0x00000000a0000000, 0x00000000a2e00000, 0x00000000e0000000)
  object space 47104K, 65% used [0x00000000a0000000,0x00000000a1e19520,0x00000000a2e00000)
 Metaspace       used 56403K, capacity 58160K, committed 58328K, reserved 1099776K
  class space    used 7625K, capacity 8097K, committed 8192K, reserved 1048576K
}
Event: 91.810 GC heap before
{Heap before GC invocations=13 (full 2):
 PSYoungGen      total 316928K, used 102962K [0x00000000e0000000, 0x00000000f5200000, 0x0000000100000000)
  eden space 299520K, 28% used [0x00000000e0000000,0x00000000e53934d0,0x00000000f2480000)
  from space 17408K, 99% used [0x00000000f3b00000,0x00000000f4bf94d0,0x00000000f4c00000)
  to   space 23040K, 0% used [0x00000000f2480000,0x00000000f2480000,0x00000000f3b00000)
 ParOldGen       total 47104K, used 30821K [0x00000000a0000000, 0x00000000a2e00000, 0x00000000e0000000)
  object space 47104K, 65% used [0x00000000a0000000,0x00000000a1e19520,0x00000000a2e00000)
 Metaspace       used 57029K, capacity 58904K, committed 58968K, reserved 1099776K
  class space    used 7730K, capacity 8256K, committed 8320K, reserved 1048576K

Deoptimization events (10 events):
Event: 89.205 Thread 0x00007f52c800a800 Uncommon trap: reason=class_check action=maybe_recompile pc=0x00007f5319715214 method=java.lang.Throwable.<init>(Ljava/lang/String;Ljava/lang/Throwable;)V @ 24
Event: 89.939 Thread 0x00007f52c800a800 Uncommon trap: reason=predicate action=maybe_recompile pc=0x00007f53194518e0 method=java.util.AbstractCollection.toArray([Ljava/lang/Object;)[Ljava/lang/Object; @ 49
Event: 89.948 Thread 0x00007f52c800a800 Uncommon trap: reason=array_check action=maybe_recompile pc=0x00007f53193ecc64 method=java.util.AbstractCollection.toArray([Ljava/lang/Object;)[Ljava/lang/Object; @ 119
Event: 89.948 Thread 0x00007f52c800a800 Uncommon trap: reason=array_check action=maybe_recompile pc=0x00007f53193ecc64 method=java.util.AbstractCollection.toArray([Ljava/lang/Object;)[Ljava/lang/Object; @ 119
Event: 89.949 Thread 0x00007f52c800a800 Uncommon trap: reason=array_check action=maybe_recompile pc=0x00007f53193ecc64 method=java.util.AbstractCollection.toArray([Ljava/lang/Object;)[Ljava/lang/Object; @ 119
Event: 89.950 Thread 0x00007f52c800a800 Uncommon trap: reason=array_check action=maybe_recompile pc=0x00007f53193ecc64 method=java.util.AbstractCollection.toArray([Ljava/lang/Object;)[Ljava/lang/Object; @ 119
Event: 90.879 Thread 0x00007f52c800a800 Uncommon trap: reason=unstable_if action=reinterpret pc=0x00007f5319fea154 method=org.codehaus.groovy.reflection.CachedClass.isAssignableFrom(Ljava/lang/Class;)Z @ 1
Event: 91.486 Thread 0x00007f52c800a800 Uncommon trap: reason=unstable_if action=reinterpret pc=0x00007f5319407024 method=java.lang.reflect.Executable.sharedToGenericString(IZ)Ljava/lang/String; @ 65
Event: 91.509 Thread 0x00007f52c800a800 Uncommon trap: reason=unloaded action=reinterpret pc=0x00007f531a39a204 method=sun.reflect.generics.parser.SignatureParser.parseBaseType()Lsun/reflect/generics/tree/BaseType; @ 132
Event: 91.658 Thread 0x00007f52c800a800 Uncommon trap: reason=unstable_if action=reinterpret pc=0x00007f531981d92c method=org.codehaus.groovy.reflection.CachedMethod.compareToMethod(Ljava/lang/reflect/Method;)I @ 71

Classes redefined (0 events):
No events

Internal exceptions (10 events):
Event: 91.481 Thread 0x00007f52c800a800 Exception <a 'java/lang/ClassNotFoundException': org/codehaus/groovy/runtime/DefaultGroovyMethodsBeanInfo> (0x00000000e47a52a8) thrown at [/ssd/Android/AOSP-openjdk-git/jdk8u/hotspot/src/share/vm/classfile/systemDictionary.cpp, line 210]
Event: 91.481 Thread 0x00007f52c800a800 Exception <a 'java/lang/ClassNotFoundException': org/codehaus/groovy/runtime/DefaultGroovyMethodsSupportBeanInfo> (0x00000000e47b8c80) thrown at [/ssd/Android/AOSP-openjdk-git/jdk8u/hotspot/src/share/vm/classfile/systemDictionary.cpp, line 210]
Event: 91.481 Thread 0x00007f52c800a800 Exception <a 'java/lang/ClassNotFoundException': org/codehaus/groovy/runtime/DefaultGroovyMethodsSupportCustomizer> (0x00000000e47cca78) thrown at [/ssd/Android/AOSP-openjdk-git/jdk8u/hotspot/src/share/vm/classfile/systemDictionary.cpp, line 210]
Event: 91.482 Thread 0x00007f52c800a800 Exception <a 'java/lang/ClassNotFoundException': org/codehaus/groovy/runtime/DefaultGroovyMethodsCustomizer> (0x00000000e47e1568) thrown at [/ssd/Android/AOSP-openjdk-git/jdk8u/hotspot/src/share/vm/classfile/systemDictionary.cpp, line 210]
Event: 91.657 Thread 0x00007f52c800a800 Exception <a 'java/lang/ClassNotFoundException': org/gradle/api/internal/artifacts/ivyservice/ErrorHandlingConfigurationResolver$ErrorHandlingResolvedConfigurationBeanInfo> (0x00000000e4dd28b0) thrown at [/ssd/Android/AOSP-openjdk-git/jdk8u/hotspot/src/sh
Event: 91.658 Thread 0x00007f52c800a800 Exception <a 'java/lang/ClassNotFoundException': org/gradle/api/internal/artifacts/ivyservice/ErrorHandlingConfigurationResolver$ErrorHandlingResolvedConfigurationCustomizer> (0x00000000e4e0cef8) thrown at [/ssd/Android/AOSP-openjdk-git/jdk8u/hotspot/src/
Event: 91.660 Thread 0x00007f52c800a800 Exception <a 'java/lang/ClassNotFoundException': org/gradle/api/specs/SpecsBeanInfo> (0x00000000e4e4ce28) thrown at [/ssd/Android/AOSP-openjdk-git/jdk8u/hotspot/src/share/vm/classfile/systemDictionary.cpp, line 210]
Event: 91.660 Thread 0x00007f52c800a800 Exception <a 'java/lang/ClassNotFoundException': org/gradle/api/specs/SpecsCustomizer> (0x00000000e4e5aa10) thrown at [/ssd/Android/AOSP-openjdk-git/jdk8u/hotspot/src/share/vm/classfile/systemDictionary.cpp, line 210]
Event: 91.679 Thread 0x00007f52c800a800 Exception <a 'java/lang/ClassNotFoundException': org/gradle/api/internal/artifacts/ivyservice/ErrorHandlingConfigurationResolver$ErrorHandlingLenientConfigurationBeanInfo> (0x00000000e4ecc3c0) thrown at [/ssd/Android/AOSP-openjdk-git/jdk8u/hotspot/src/sha
Event: 91.679 Thread 0x00007f52c800a800 Exception <a 'java/lang/ClassNotFoundException': org/gradle/api/internal/artifacts/ivyservice/ErrorHandlingConfigurationResolver$ErrorHandlingLenientConfigurationCustomizer> (0x00000000e4f069f8) thrown at [/ssd/Android/AOSP-openjdk-git/jdk8u/hotspot/src/s

Events (10 events):
Event: 91.743 loading class com/google/common/collect/AbstractMapBasedMultimap$SortedKeySet done
Event: 91.777 loading class com/google/common/collect/AbstractMapBasedMultimap$RandomAccessWrappedList
Event: 91.777 loading class com/google/common/collect/AbstractMapBasedMultimap$RandomAccessWrappedList done
Event: 91.778 loading class com/google/common/collect/AbstractMapBasedMultimap$WrappedList
Event: 91.778 loading class com/google/common/collect/AbstractMapBasedMultimap$WrappedList done
Event: 91.788 loading class com/google/common/collect/AbstractMapBasedMultimap$SortedAsMap
Event: 91.788 loading class com/google/common/collect/AbstractMapBasedMultimap$SortedAsMap done
Event: 91.788 loading class com/google/common/collect/AbstractMapBasedMultimap$AsMap
Event: 91.788 loading class com/google/common/collect/AbstractMapBasedMultimap$AsMap done
Event: 91.789 Executing VM operation: CollectForMetadataAllocation


Dynamic libraries:
00400000-00401000 r-xp 00000000 08:05 7477342                            /usr/local/android-studio/android-studio/jre/bin/java
00600000-00601000 r--p 00000000 08:05 7477342                            /usr/local/android-studio/android-studio/jre/bin/java
00601000-00602000 rw-p 00001000 08:05 7477342                            /usr/local/android-studio/android-studio/jre/bin/java
015d0000-015f1000 rw-p 00000000 00:00 0                                  [heap]
a0000000-a2f80000 rw-p 00000000 00:00 0 
a2f80000-e0000000 ---p 00000000 00:00 0 
e0000000-f5200000 rw-p 00000000 00:00 0 
ffa00000-100000000 ---p 00000000 00:00 0 
100000000-100820000 rw-p 00000000 00:00 0 
100820000-140000000 ---p 00000000 00:00 0 
7f5290000000-7f5290021000 rw-p 00000000 00:00 0 
7f5290021000-7f5294000000 ---p 00000000 00:00 0 
7f5298000000-7f5298021000 rw-p 00000000 00:00 0 
7f5298021000-7f529c000000 ---p 00000000 00:00 0 
7f529c000000-7f529c021000 rw-p 00000000 00:00 0 
7f529c021000-7f52a0000000 ---p 00000000 00:00 0 
7f52a0000000-7f52a0021000 rw-p 00000000 00:00 0 
7f52a0021000-7f52a4000000 ---p 00000000 00:00 0 
7f52a4000000-7f52a4021000 rw-p 00000000 00:00 0 
7f52a4021000-7f52a8000000 ---p 00000000 00:00 0 
7f52a8000000-7f52a8021000 rw-p 00000000 00:00 0 
7f52a8021000-7f52ac000000 ---p 00000000 00:00 0 
7f52ac000000-7f52ac021000 rw-p 00000000 00:00 0 
7f52ac021000-7f52b0000000 ---p 00000000 00:00 0 
7f52b0000000-7f52b0026000 rw-p 00000000 00:00 0 
7f52b0026000-7f52b4000000 ---p 00000000 00:00 0 
7f52b4000000-7f52b4021000 rw-p 00000000 00:00 0 
7f52b4021000-7f52b8000000 ---p 00000000 00:00 0 
7f52b8000000-7f52b836b000 rw-p 00000000 00:00 0 
7f52b836b000-7f52bc000000 ---p 00000000 00:00 0 
7f52bc000000-7f52bc021000 rw-p 00000000 00:00 0 
7f52bc021000-7f52c0000000 ---p 00000000 00:00 0 
7f52c0000000-7f52c0021000 rw-p 00000000 00:00 0 
7f52c0021000-7f52c4000000 ---p 00000000 00:00 0 
7f52c4000000-7f52c5849000 rw-p 00000000 00:00 0 
7f52c5849000-7f52c8000000 ---p 00000000 00:00 0 
7f52c8000000-7f52c8021000 rw-p 00000000 00:00 0 
7f52c8021000-7f52cc000000 ---p 00000000 00:00 0 
7f52cc000000-7f52cc030000 rw-p 00000000 00:00 0 
7f52cc030000-7f52d0000000 ---p 00000000 00:00 0 
7f52d0000000-7f52d0021000 rw-p 00000000 00:00 0 
7f52d0021000-7f52d4000000 ---p 00000000 00:00 0 
7f52d4000000-7f52d407c000 rw-p 00000000 00:00 0 
7f52d407c000-7f52d8000000 ---p 00000000 00:00 0 
7f52d81b2000-7f52d8332000 rw-p 00000000 00:00 0 
7f52d8332000-7f52d83b2000 ---p 00000000 00:00 0 
7f52d83b2000-7f52d85b2000 rw-p 00000000 00:00 0 
7f52d85b2000-7f52d87b2000 rw-p 00000000 00:00 0 
7f52d87b2000-7f52d89b2000 rw-p 00000000 00:00 0 
7f52d89b2000-7f52d89c4000 r--s 00345000 08:05 7477424                    /usr/local/android-studio/android-studio/jre/jre/lib/resources.jar
7f52d89c4000-7f52d8bc4000 rw-p 00000000 00:00 0 
7f52d8bc4000-7f52d8dc4000 rw-p 00000000 00:00 0 
7f52d8dc4000-7f52d8dc7000 r--s 00015000 08:05 7477423                    /usr/local/android-studio/android-studio/jre/jre/lib/jce.jar
7f52d8dc7000-7f52d8fc7000 rw-p 00000000 00:00 0 
7f52d8fc7000-7f52d8fca000 ---p 00000000 00:00 0 
7f52d8fca000-7f52d92c8000 rw-p 00000000 00:00 0 
7f52d92c8000-7f52d92cb000 ---p 00000000 00:00 0 
7f52d92cb000-7f52d95c9000 rw-p 00000000 00:00 0 
7f52d95c9000-7f52d97c9000 rw-p 00000000 00:00 0 
7f52d97c9000-7f52d99bf000 rw-p 00000000 00:00 0 
7f52d99bf000-7f52d99c9000 ---p 00000000 00:00 0 
7f52d99c9000-7f52d99d4000 r--s 00081000 08:05 12583983                   /home/sridhar/.gradle/caches/jars-3/fc6e889a0f45cc9752787eb60f920103/trove4j-20160824.jar
7f52d99d4000-7f52d9a57000 r--s 00758000 08:05 12583981                   /home/sridhar/.gradle/caches/jars-3/b46ab84062ddfd52701cfe0a9718e764/intellij-core-26.0.1.jar
7f52d9a57000-7f52d9a5d000 r--s 00033000 08:05 12583979                   /home/sridhar/.gradle/caches/jars-3/f96c897d327ea500d64fe3af2833bd50/commons-codec-1.6.jar
7f52d9a5d000-7f52d9a5f000 r--s 0000d000 08:05 12583977                   /home/sridhar/.gradle/caches/jars-3/ccc849edcf9fccd61ed937bf93ffe896/commons-logging-1.1.1.jar
7f52d9a5f000-7f52d9a65000 r--s 00032000 08:05 12583975                   /home/sridhar/.gradle/caches/jars-3/72e344059d1923829968d0d38b0c3c72/httpcore-4.2.5.jar
7f52d9a65000-7f52d9a66000 r--s 00004000 08:05 12583973                   /home/sridhar/.gradle/caches/jars-3/3a4299d1ce3e273e7c03a9ccf5a1e333/annotations-12.0.jar
7f52d9a66000-7f52d9a67000 r--s 00000000 08:05 12583971                   /home/sridhar/.gradle/caches/jars-3/0e2fbc3b8c56d2975eca90c524790c13/animal-sniffer-annotations-1.14.jar
7f52d9a67000-7f52d9a69000 r--s 00001000 08:05 12583969                   /home/sridhar/.gradle/caches/jars-3/ad41f8f3ac67c0323ce9eb1c20c8dc3f/j2objc-annotations-1.1.jar
7f52d9a69000-7f52d9a6a000 r--s 00002000 08:05 12583967                   /home/sridhar/.gradle/caches/jars-3/9edb0f46b907c34c4718edabde6c791c/error_prone_annotations-2.0.18.jar
7f52d9a6a000-7f52d9a6d000 r--s 00006000 08:05 12583965                   /home/sridhar/.gradle/caches/jars-3/b58a9bc3bbba42132e4abc0bacae8da1/jsr305-1.3.9.jar
7f52d9a6d000-7f52d9a6e000 r--s 0000a000 08:05 12583963                   /home/sridhar/.gradle/caches/jars-3/5b8b36ed61fe92731031cca3c9b3a0b3/kxml2-2.3.0.jar
7f52d9a6e000-7f52d9a70000 r--s 00005000 08:05 12583961                   /home/sridhar/.gradle/caches/jars-3/f10e1e1978816198f2eb1189c974b440/httpmime-4.1.jar
7f52d9a70000-7f52d9a7a000 r--s 00061000 08:05 12583959                   /home/sridhar/.gradle/caches/jars-3/bc4b2527f35dc983f759e8f85f3f8d52/httpclient-4.2.6.jar
7f52d9a7a000-7f52d9a83000 r--s 00064000 08:05 12583957                   /home/sridhar/.gradle/caches/jars-3/fc37c717528c2a0d27f3e3621835f781/commons-compress-1.12.jar
7f52d9a83000-7f52d9a88000 r--s 0002e000 08:05 12583955                   /home/sridhar/.gradle/caches/jars-3/c5bcda7f6f4809e9c92270f99e51f154/gson-2.3.jar
7f52d9a88000-7f52d9a98000 r--s 000d6000 08:05 12583953                   /home/sridhar/.gradle/caches/jars-3/dbdb8caed2514263a34702cc763c6785/proguard-base-5.3.3.jar
7f52d9a98000-7f52d9a9a000 r--s 00003000 08:05 12583951                   /home/sridhar/.gradle/caches/jars-3/01ab8600ebbfdcaf9b89b45c2b992e82/annotations-13.0.jar
7f52d9a9a000-7f52d9a9b000 r--s 00001000 08:05 12583949                   /home/sridhar/.gradle/caches/jars-3/dccac9b7f67766e57200b1770178f61c/annotations-26.0.1.jar
7f52d9a9b000-7f52d9a9e000 r--s 00033000 08:05 12583947                   /home/sridhar/.gradle/caches/jars-3/0ce03714647bf7bd3c78634c20ddbf38/juniversalchardet-1.0.3.jar
7f52d9a9e000-7f52d9aa2000 r--s 0002a000 08:05 12583945                   /home/sridhar/.gradle/caches/jars-3/9849af6d4b0409ba64061601342f385d/commons-io-2.4.jar
7f52d9aa2000-7f52d9ab9000 r--s 00154000 08:05 12583943                   /home/sridhar/.gradle/caches/jars-3/57adf9abd30c921d4ea1dfdcfe7b9efd/antlr4-4.5.3.jar
7f52d9ab9000-7f52d9aba000 r--s 00003000 08:05 12583941                   /home/sridhar/.gradle/caches/jars-3/54a15dd332fd4c2e246ad396835dc0d2/baseLibrary-3.0.1.jar
7f52d9aba000-7f52d9aea000 r--s 00245000 08:05 12583939                   /home/sridhar/.gradle/caches/jars-3/8e27cdebb49ba2f804f9403d90aaaac5/guava-22.0.jar
7f52d9aea000-7f52d9af2000 r--s 000a8000 08:05 12583937                   /home/sridhar/.gradle/caches/jars-3/6cc57ce9ec0d90186f781694264d61bc/lombok-ast-0.2.3.jar
7f52d9af2000-7f52d9af6000 r--s 0002f000 08:05 12583935                   /home/sridhar/.gradle/caches/jars-3/505fcc8c47da308b2f1262f0ff3c65f1/jimfs-1.1.jar
7f52d9af6000-7f52d9b09000 r--s 00241000 08:05 12583933                   /home/sridhar/.gradle/caches/jars-3/d8dc71eb6d91c966c45f7b594129e14a/ecj-4.6.1.jar
7f52d9b09000-7f52d9b0a000 r--s 00003000 08:05 12583931                   /home/sridhar/.gradle/caches/jars-3/fdb8f5ebd6a086c4818336712b830716/json-simple-1.1.jar
7f52d9b0a000-7f52d9c2f000 r--s 00f5d000 08:05 12583929                   /home/sridhar/.gradle/caches/jars-3/dfd566a90e18a0aa75879c33e0731ab8/fastutil-7.2.0.jar
7f52d9c2f000-7f52d9c7a000 r--s 002ff000 08:05 12583927                   /home/sridhar/.gradle/caches/jars-3/d3d44e9a7fcb4a86fb40775c385dd3d0/bcprov-jdk15on-1.56.jar
7f52d9c7a000-7f52d9c8b000 r--s 00097000 08:05 12583925                   /home/sridhar/.gradle/caches/jars-3/59ebb77d99c5ca0e24bb23272e0329dd/bcpkix-jdk15on-1.56.jar
7f52d9c8b000-7f52d9c8d000 r--s 00002000 08:05 12583923                   /home/sridhar/.gradle/caches/jars-3/f268e5e8fc83bb846ac355d6a16b1f30/javawriter-2.5.0.jar
7f52d9c8d000-7f52d9c92000 r--s 0003b000 08:05 12583921                   /home/sridhar/.gradle/caches/jars-3/91bf67441f6ac57ccbb374f99f9ed0fc/apksig-3.0.1.jar
7f52d9c92000-7f52d9c95000 r--s 00024000 08:05 12583919                   /home/sridhar/.gradle/caches/jars-3/04183dcd1bde85515b23d1bbd46ea9bc/common-26.0.1.jar
7f52d9c95000-7f52d9c97000 r--s 00006000 08:05 12583917                   /home/sridhar/.gradle/caches/jars-3/a0ea702af2bdb16dfa1a50969b155dea/dvlib-26.0.1.jar
7f52d9c97000-7f52d9c9a000 r--s 00014000 08:05 12583915                   /home/sridhar/.gradle/caches/jars-3/6abb718b4b844aa0386163f0c2f6eb72/layoutlib-api-26.0.1.jar
7f52d9c9a000-7f52d9c9f000 r--s 0004d000 08:05 12583913                   /home/sridhar/.gradle/caches/jars-3/65a80584522712b8832b7c1c03186c4b/ddmlib-26.0.1.jar
7f52d9c9f000-7f52d9ca0000 r--s 00003000 08:05 12583911                   /home/sridhar/.gradle/caches/jars-3/af01854c900e4906a368ef59064a245d/builder-test-api-3.0.1.jar
7f52d9ca0000-7f52d9ca3000 r--s 00007000 08:05 12583909                   /home/sridhar/.gradle/caches/jars-3/124ec36ab4edce0919b54d1123daa364/builder-model-3.0.1.jar
7f52d9ca3000-7f52d9cb2000 r--s 00130000 08:05 12583907                   /home/sridhar/.gradle/caches/jars-3/72ba1443c6adcea1f6ba21e12f0bb0fc/protobuf-java-3.0.0.jar
7f52d9cb2000-7f52d9cc5000 r--s 001a8000 08:05 12583905                   /home/sridhar/.gradle/caches/jars-3/a1cbdfb97e256e71fcbd29dc4584a785/protos-26.0.1.jar
7f52d9cc5000-7f52d9cc6000 r--s 00005000 08:05 12583903                   /home/sridhar/.gradle/caches/jars-3/ca5180624b528b15325a5d002dbfbb6d/shared-26.0.1.jar
7f52d9cc6000-7f52d9cc8000 r--s 00004000 08:05 12583901                   /home/sridhar/.gradle/caches/jars-3/07f12c2b6f66ca8d4d6bd02e9c9b060a/tracker-26.0.1.jar
7f52d9cc8000-7f52d9cca000 r--s 00002000 08:05 12583899                   /home/sridhar/.gradle/caches/jars-3/e91624d2ed1c3b55eec9fd768ed13c1d/proguard-gradle-5.3.3.jar
7f52d9cca000-7f52d9ccc000 r--s 0000f000 08:05 12583897                   /home/sridhar/.gradle/caches/jars-3/96760c32d36a5d7066e3ccf088bfd362/jopt-simple-4.9.jar
7f52d9ccc000-7f52d9cd0000 r--s 0001e000 08:05 12583895                   /home/sridhar/.gradle/caches/jars-3/0d3e95aba631209a078aeec58a76633d/org.jacoco.core-0.7.4.201502262128.jar
7f52d9cd0000-7f52d9cd3000 r--s 00020000 08:05 12583893                   /home/sridhar/.gradle/caches/jars-3/c72fc284d34f39eab57a4e3ba83405e9/org.jacoco.report-0.7.4.201502262128.jar
7f52d9cd3000-7f52d9cd5000 r--s 0000c000 08:05 12583891                   /home/sridhar/.gradle/caches/jars-3/9b0a36633c92c6e87e62c81734593183/asm-5.1.jar
7f52d9cd5000-7f52d9cd7000 r--s 00006000 08:05 12583889                   /home/sridhar/.gradle/caches/jars-3/50c8a7da333c41693b2b7ce95b6d9d89/asm-tree-5.1.jar
7f52d9cd7000-7f52d9cd8000 r--s 0000a000 08:05 12583887                   /home/sridhar/.gradle/caches/jars-3/c4f1f1d5a624f981d35a78d181e2c418/asm-util-5.1.jar
7f52d9cd8000-7f52d9cda000 r--s 0000a000 08:05 12583885                   /home/sridhar/.gradle/caches/jars-3/d37aa405961c464c627b1efe5def81b8/asm-commons-5.1.jar
7f52d9cda000-7f52d9cdb000 r--s 00004000 08:05 12583883                   /home/sridhar/.gradle/caches/jars-3/2b2689d10a4425b1cb2d0654db2ea088/asm-analysis-5.1.jar
7f52d9cdb000-7f52d9cdc000 r--s 00000000 08:05 12583881                   /home/sridhar/.gradle/caches/jars-3/5206138fb8a6b2ffbd31e140916c2100/transform-api-2.0.0-deprecated-use-gradle-api.jar
7f52d9cdc000-7f52d9ceb000 r--s 000c8000 08:05 12583879                   /home/sridhar/.gradle/caches/jars-3/af931fae44e009148423077fa09abbd1/kotlin-stdlib-1.1.3-2.jar
7f52d9ceb000-7f52d9d1d000 r--s 0021b000 08:05 12583877                   /home/sridhar/.gradle/caches/jars-3/24b2127528a18b338af82ff7ea236d45/kotlin-reflect-1.1.3-2.jar
7f52d9d1d000-7f52d9d23000 r--s 00030000 08:05 12583875                   /home/sridhar/.gradle/caches/jars-3/90ec49f8b88710e2876aefe447609abb/repository-26.0.1.jar
7f52d9d23000-7f52d9d2e000 r--s 0009b000 08:05 12583873                   /home/sridhar/.gradle/caches/jars-3/af771564c510a1c104220a8be892ab2d/sdklib-26.0.1.jar
7f52d9d2e000-7f52d9d3d000 r--s 000da000 08:05 12583871                   /home/sridhar/.gradle/caches/jars-3/50767da85151ce151711c301f4a0623c/sdk-common-26.0.1.jar
7f52d9d3d000-7f52d9d41000 r--s 00023000 08:05 12583869                   /home/sridhar/.gradle/caches/jars-3/186e268c3a12c0a405d658dabf9d64d2/manifest-merger-26.0.1.jar
7f52d9d41000-7f52d9d45000 r--s 0002e000 08:05 12583867                   /home/sridhar/.gradle/caches/jars-3/c519ce7b2f3637e909703f541c08c445/compilerCommon-3.0.1.jar
7f52d9d45000-7f52d9d47000 r--s 00003000 08:05 12583865                   /home/sridhar/.gradle/caches/jars-3/34cfdbf6cad3f54cc2f45521bf0374e7/gradle-api-3.0.1.jar
7f52d9d47000-7f52d9d56000 r--s 000cb000 08:05 12583863                   /home/sridhar/.gradle/caches/jars-3/e5c09abb4b0acf0785ecd8a8015ab959/uast-26.0.1.jar
7f52d9d56000-7f52d9d5d000 r--s 0007f000 08:05 12583861                   /home/sridhar/.gradle/caches/jars-3/b1f5a73634581e955e7f89376aea2d48/lint-api-26.0.1.jar
7f52d9d5d000-7f52d9d66000 r--s 000ff000 08:05 12583859                   /home/sridhar/.gradle/caches/jars-3/75e696a5531ca85e1fe447df83f74bd2/lint-checks-26.0.1.jar
7f52d9d66000-7f52d9d69000 r--s 00039000 08:05 12583857                   /home/sridhar/.gradle/caches/jars-3/7fa6c4fcdd1d81db4cc9c7439ce29486/lint-26.0.1.jar
7f52d9d69000-7f52d9d99000 r--s 01983000 08:05 12583855                   /home/sridhar/.gradle/caches/jars-3/add7f1627b730db059119a8274a10c21/builder-3.0.1.jar
7f52d9d99000-7f52d9dbc000 r--s 0020b000 08:05 12583853                   /home/sridhar/.gradle/caches/jars-3/4adae2b762c8552c6e3aa2ded1493e4b/gradle-core-3.0.1.jar
7f52d9dbc000-7f52d9dbe000 r--s 00007000 08:05 2762083                    /home/sridhar/.gradle/caches/modules-2/files-2.1/com.google.gms/google-services/3.1.0/166ae4e6acd03b7bbebe221ffa54bc039fece1b9/google-services-3.1.0.jar
7f52d9dbe000-7f52d9dc0000 r--s 0000f000 08:05 12583851                   /home/sridhar/.gradle/caches/jars-3/afd86a0d8507fd7f2e97461eaf9e4416/gradle-3.0.1.jar
7f52d9dc0000-7f52d9dc3000 ---p 00000000 00:00 0 
7f52d9dc3000-7f52d9ec1000 rw-p 00000000 00:00 0 
7f52d9ec1000-7f52d9ec4000 ---p 00000000 00:00 0 
7f52d9ec4000-7f52d9fc2000 rw-p 00000000 00:00 0 
7f52d9fc2000-7f52d9fc5000 ---p 00000000 00:00 0 
7f52d9fc5000-7f52da0c3000 rw-p 00000000 00:00 0 
7f52da0c3000-7f52da0c6000 ---p 00000000 00:00 0 
7f52da0c6000-7f52da3c4000 rw-p 00000000 00:00 0 
7f52da3c4000-7f52da5c4000 rw-p 00000000 00:00 0 
7f52da5c4000-7f52da7c4000 rw-p 00000000 00:00 0 
7f52da7c4000-7f52da7d2000 r--s 000ca000 08:05 12583763                   /home/sridhar/.gradle/caches/jars-3/e0bd0005080c5c7e72a2b279cbd60369/kotlin-runtime.jar
7f52da7d2000-7f52da7d8000 r--s 0008b000 08:05 12583761                   /home/sridhar/.gradle/caches/jars-3/12b60d252bcd68e30d8b20cdf4f7de06/gradle-tooling-extension-impl.jar
7f52da7d8000-7f52da7dd000 r--s 00034000 08:05 12583759                   /home/sridhar/.gradle/caches/jars-3/d447f2396a03dbc75b6d52fec5a488d6/gson-2.5.jar
7f52da7dd000-7f52da84d000 r--s 00643000 08:05 12453155                   /home/sridhar/.gradle/caches/jars-3/fd607a71f3d781451515f815d21ecd8e/groovy-all-2.4.6.jar
7f52da84d000-7f52daa4d000 rw-p 00000000 00:00 0 
7f52daa4d000-7f52daa50000 ---p 00000000 00:00 0 
7f52daa50000-7f52dad4e000 rw-p 00000000 00:00 0 
7f52dad4e000-7f52daf4e000 rw-p 00000000 00:00 0 
7f52daf4e000-7f52daf50000 r--s 0000e000 08:05 12193705                   /home/sridhar/.gradle/caches/jars-3/749fa8fddbb60dbf5a9683c6d3a8f3e9/android-extensions-ide.jar
7f52daf50000-7f52daf51000 r--s 00000000 08:05 12193703                   /home/sridhar/.gradle/caches/jars-3/be363fcec6fce25e79fe7d68a2750e91/gradle-appengine-builder-model-0.1.0.jar
7f52daf51000-7f52daf70000 r--s 0053d000 08:05 12193701                   /home/sridhar/.gradle/caches/jars-3/07dcf2f3f2bda71869cda3f75be96a82/sdk-tools.jar
7f52daf70000-7f52db170000 rw-p 00000000 00:00 0 
7f52db170000-7f52db171000 r--s 00003000 08:05 12193699                   /home/sridhar/.gradle/caches/jars-3/2405bbfe967ae4d56a908337251d2f0e/kotlin-gradle-tooling.jar
7f52db171000-7f52db172000 r--s 00002000 08:05 12193697                   /home/sridhar/.gradle/caches/jars-3/a5464f115a9bc6b52bb26e3cbeda18d3/external-system-rt.jar
7f52db172000-7f52db179000 r--s 0002a000 08:05 12193693                   /home/sridhar/.gradle/caches/jars-3/fff47aec37b967e571b648d1fc9c6db6/gradle-messaging-3.5.jar
7f52db179000-7f52db17e000 r--s 00041000 08:05 12193691                   /home/sridhar/.gradle/caches/jars-3/c0502f5c2cf6dfd52d250e1b7d027d24/commons-lang-2.6.jar
7f52db17e000-7f52db1c0000 r--s 00220000 08:05 12193689                   /home/sridhar/.gradle/caches/jars-3/929747bc6b973b44297e9c57df71598d/gradle-core-3.5.jar
7f52db1c0000-7f52db1e8000 r--s 001cf000 08:05 12193685                   /home/sridhar/.gradle/caches/jars-3/566e7e0f530f75a42eba4833ef84d88c/guava-jdk5-17.0.jar
7f52db1e8000-7f52db1f6000 r--s 00043000 08:05 12193683                   /home/sridhar/.gradle/caches/jars-3/c0d1da18a547ef3a2ba66d3068ae6e09/gradle-tooling-api-3.5.jar
7f52db1f6000-7f52db1f9000 ---p 00000000 00:00 0 
7f52db1f9000-7f52db4f7000 rw-p 00000000 00:00 0 
7f52db4f7000-7f52db4fa000 ---p 00000000 00:00 0 
7f52db4fa000-7f52db5f8000 rw-p 00000000 00:00 0 
7f52db5f8000-7f52db5fb000 ---p 00000000 00:00 0 
7f52db5fb000-7f52db8f9000 rw-p 00000000 00:00 0 
7f52db8f9000-7f52db8fc000 ---p 00000000 00:00 0 
7f52db8fc000-7f52db9fa000 rw-p 00000000 00:00 0 
7f52db9fa000-7f52db9fd000 ---p 00000000 00:00 0 
7f52db9fd000-7f52dbafb000 rw-p 00000000 00:00 0 
7f52dbafb000-7f52dbafe000 ---p 00000000 00:00 0 
7f52dbafe000-7f52dbbfc000 rw-p 00000000 00:00 0 
7f52dbbfc000-7f52dbbff000 ---p 00000000 00:00 0 
7f52dbbff000-7f52dbcfd000 rw-p 00000000 00:00 0 
7f52dbcfd000-7f52dbd00000 ---p 00000000 00:00 0 
7f52dbd00000-7f52dbdfe000 rw-p 00000000 00:00 0 
7f52dbdfe000-7f52dbe01000 ---p 00000000 00:00 0 
7f52dbe01000-7f52dbeff000 rw-p 00000000 00:00 0 
7f52dbeff000-7f52dbf02000 ---p 00000000 00:00 0 
7f52dbf02000-7f52dc000000 rw-p 00000000 00:00 0 
7f52dc000000-7f52dc021000 rw-p 00000000 00:00 0 
7f52dc021000-7f52e0000000 ---p 00000000 00:00 0 
7f52e0000000-7f52e0021000 rw-p 00000000 00:00 0 
7f52e0021000-7f52e4000000 ---p 00000000 00:00 0 
7f52e4000000-7f52e66eb000 rw-p 00000000 00:00 0 
7f52e66eb000-7f52e8000000 ---p 00000000 00:00 0 
7f52e8000000-7f52e88d8000 rw-p 00000000 00:00 0 
7f52e88d8000-7f52ec000000 ---p 00000000 00:00 0 
7f52ec000000-7f52ec021000 rw-p 00000000 00:00 0 
7f52ec021000-7f52f0000000 ---p 00000000 00:00 0 
7f52f0000000-7f52f252a000 rw-p 00000000 00:00 0 
7f52f252a000-7f52f4000000 ---p 00000000 00:00 0 
7f52f4000000-7f52f4021000 rw-p 00000000 00:00 0 
7f52f4021000-7f52f8000000 ---p 00000000 00:00 0 
7f52f8000000-7f52f8021000 rw-p 00000000 00:00 0 
7f52f8021000-7f52fc000000 ---p 00000000 00:00 0 
7f52fc000000-7f52fc021000 rw-p 00000000 00:00 0 
7f52fc021000-7f5300000000 ---p 00000000 00:00 0 
7f5300000000-7f5300289000 rw-p 00000000 00:00 0 
7f5300289000-7f5304000000 ---p 00000000 00:00 0 
7f5304000000-7f5304029000 rw-p 00000000 00:00 0 
7f5304029000-7f5308000000 ---p 00000000 00:00 0 
7f5308000000-7f5308002000 r--s 0000c000 08:05 12193695                   /home/sridhar/.gradle/caches/jars-3/4bc057eb82a797154e6f5adb86778648/gradle-tooling-extension-api.jar
7f5308002000-7f530800b000 r--s 00047000 08:05 12193687                   /home/sridhar/.gradle/caches/jars-3/11d06a5dce89fe5632250b7df00a3d57/gradle-base-services-3.5.jar
7f530800b000-7f5308084000 r--s 010fd000 08:05 7477395                    /usr/local/android-studio/android-studio/jre/lib/tools.jar
7f5308084000-7f530808b000 r--s 00000000 08:05 7482691                    /usr/lib/x86_64-linux-gnu/gconv/gconv-modules.cache
7f530808b000-7f530808e000 ---p 00000000 00:00 0 
7f530808e000-7f530818c000 rw-p 00000000 00:00 0 
7f530818c000-7f5308191000 r--s 0009a000 08:05 7477492                    /usr/local/android-studio/android-studio/jre/jre/lib/jsse.jar
7f5308191000-7f5308391000 rw-p 00000000 00:00 0 
7f5308391000-7f530839a000 r-xp 00000000 08:05 7477473                    /usr/local/android-studio/android-studio/jre/jre/lib/amd64/libmanagement.so
7f530839a000-7f5308599000 ---p 00009000 08:05 7477473                    /usr/local/android-studio/android-studio/jre/jre/lib/amd64/libmanagement.so
7f5308599000-7f530859a000 r--p 00008000 08:05 7477473                    /usr/local/android-studio/android-studio/jre/jre/lib/amd64/libmanagement.so
7f530859a000-7f530859b000 rw-p 00009000 08:05 7477473                    /usr/local/android-studio/android-studio/jre/jre/lib/amd64/libmanagement.so
7f530859b000-7f530859d000 r--s 00007000 08:05 12061296                   /home/sridhar/.gradle/wrapper/dists/gradle-4.1-all/bzyivzo6n839fup2jbap0tjew/gradle-4.1/lib/plugins/gradle-tooling-api-builders-4.1.jar
7f530859d000-7f53085a0000 r--s 00009000 08:05 12061306                   /home/sridhar/.gradle/wrapper/dists/gradle-4.1-all/bzyivzo6n839fup2jbap0tjew/gradle-4.1/lib/plugins/gradle-testing-native-4.1.jar
7f53085a0000-7f53085a2000 r--s 00009000 08:05 12061379                   /home/sridhar/.gradle/wrapper/dists/gradle-4.1-all/bzyivzo6n839fup2jbap0tjew/gradle-4.1/lib/plugins/hamcrest-core-1.3.jar
7f53085a2000-7f53085a7000 r--s 00040000 08:05 12061374                   /home/sridhar/.gradle/wrapper/dists/gradle-4.1-all/bzyivzo6n839fup2jbap0tjew/gradle-4.1/lib/plugins/bsh-2.0b4.jar
7f53085a7000-7f53085a9000 r--s 00006000 08:05 12061375                   /home/sridhar/.gradle/wrapper/dists/gradle-4.1-all/bzyivzo6n839fup2jbap0tjew/gradle-4.1/lib/plugins/jcommander-1.12.jar
7f53085a9000-7f53085af000 r--s 00033000 08:05 12061376                   /home/sridhar/.gradle/wrapper/dists/gradle-4.1-all/bzyivzo6n839fup2jbap0tjew/gradle-4.1/lib/plugins/snakeyaml-1.6.jar
7f53085af000-7f53085b8000 r--s 00089000 08:05 12061334                   /home/sridhar/.gradle/wrapper/dists/gradle-4.1-all/bzyivzo6n839fup2jbap0tjew/gradle-4.1/lib/plugins/testng-6.3.1.jar
7f53085b8000-7f53085c0000 r--s 00045000 08:05 12061335                   /home/sridhar/.gradle/wrapper/dists/gradle-4.1-all/bzyivzo6n839fup2jbap0tjew/gradle-4.1/lib/plugins/junit-4.12.jar
7f53085c0000-7f53085c6000 r--s 0002e000 08:05 12061302                   /home/sridhar/.gradle/wrapper/dists/gradle-4.1-all/bzyivzo6n839fup2jbap0tjew/gradle-4.1/lib/plugins/gradle-testing-jvm-4.1.jar
7f53085c6000-7f53085ca000 r--s 00017000 08:05 12061310                   /home/sridhar/.gradle/wrapper/dists/gradle-4.1-all/bzyivzo6n839fup2jbap0tjew/gradle-4.1/lib/plugins/gradle-testing-base-4.1.jar
7f53085ca000-7f53085d1000 r--s 00038000 08:05 12061330                   /home/sridhar/.gradle/wrapper/dists/gradle-4.1-all/bzyivzo6n839fup2jbap0tjew/gradle-4.1/lib/plugins/bcpg-jdk15on-1.51.jar
7f53085d1000-7f53085d3000 r--s 0000c000 08:05 12061281                   /home/sridhar/.gradle/wrapper/dists/gradle-4.1-all/bzyivzo6n839fup2jbap0tjew/gradle-4.1/lib/plugins/gradle-signing-4.1.jar
7f53085d3000-7f53085d5000 r--s 00007000 08:05 12061287                   /home/sridhar/.gradle/wrapper/dists/gradle-4.1-all/bzyivzo6n839fup2jbap0tjew/gradle-4.1/lib/plugins/gradle-scala-4.1.jar
7f53085d5000-7f53085d6000 r--s 00004000 08:05 12061318                   /home/sridhar/.gradle/wrapper/dists/gradle-4.1-all/bzyivzo6n839fup2jbap0tjew/gradle-4.1/lib/plugins/gradle-resources-sftp-4.1.jar
7f53085d6000-7f53085e6000 r--s 00088000 08:05 12061347                   /home/sridhar/.gradle/wrapper/dists/gradle-4.1-all/bzyivzo6n839fup2jbap0tjew/gradle-4.1/lib/plugins/joda-time-2.8.2.jar
7f53085e6000-7f53085f7000 r--s 0010d000 08:05 12061346                   /home/sridhar/.gradle/wrapper/dists/gradle-4.1-all/bzyivzo6n839fup2jbap0tjew/gradle-4.1/lib/plugins/jackson-databind-2.6.6.jar
7f53085f7000-7f53085fa000 r--s 00009000 08:05 12061345                   /home/sridhar/.gradle/wrapper/dists/gradle-4.1-all/bzyivzo6n839fup2jbap0tjew/gradle-4.1/lib/plugins/jackson-annotations-2.6.6.jar
7f53085fa000-7f53085fe000 r--s 0003c000 08:05 12061344                   /home/sridhar/.gradle/wrapper/dists/gradle-4.1-all/bzyivzo6n839fup2jbap0tjew/gradle-4.1/lib/plugins/jackson-core-2.6.6.jar
7f53085fe000-7f530860c000 r--s 00087000 08:05 12061343                   /home/sridhar/.gradle/wrapper/dists/gradle-4.1-all/bzyivzo6n839fup2jbap0tjew/gradle-4.1/lib/plugins/aws-java-sdk-core-1.11.6.jar
7f530860c000-7f5308613000 r--s 00057000 08:05 12061342                   /home/sridhar/.gradle/wrapper/dists/gradle-4.1-all/bzyivzo6n839fup2jbap0tjew/gradle-4.1/lib/plugins/aws-java-sdk-kms-1.11.6.jar
7f5308613000-7f5308620000 r--s 0008e000 08:05 12061341                   /home/sridhar/.gradle/wrapper/dists/gradle-4.1-all/bzyivzo6n839fup2jbap0tjew/gradle-4.1/lib/plugins/aws-java-sdk-s3-1.11.6.jar
7f5308620000-7f5308622000 r--s 00004000 08:05 12061315                   /home/sridhar/.gradle/wrapper/dists/gradle-4.1-all/bzyivzo6n839fup2jbap0tjew/gradle-4.1/lib/plugins/gradle-resources-s3-4.1.jar
7f5308622000-7f5308624000 r--s 00010000 08:05 12061311                   /home/sridhar/.gradle/wrapper/dists/gradle-4.1-all/bzyivzo6n839fup2jbap0tjew/gradle-4.1/lib/plugins/gradle-reporting-4.1.jar
7f5308624000-7f5308626000 r--s 00002000 08:05 12061312                   /home/sridhar/.gradle/wrapper/dists/gradle-4.1-all/bzyivzo6n839fup2jbap0tjew/gradle-4.1/lib/plugins/gradle-publish-4.1.jar
7f5308626000-7f5308628000 r--s 00009000 08:05 12061323                   /home/sridhar/.gradle/wrapper/dists/gradle-4.1-all/bzyivzo6n839fup2jbap0tjew/gradle-4.1/lib/plugins/commons-cli-1.2.jar
7f5308628000-7f530862e000 r--s 00036000 08:05 12061295                   /home/sridhar/.gradle/wrapper/dists/gradle-4.1-all/bzyivzo6n839fup2jbap0tjew/gradle-4.1/lib/plugins/gradle-plugins-4.1.jar
7f530862e000-7f5308634000 r--s 0002b000 08:05 12061290                   /home/sridhar/.gradle/wrapper/dists/gradle-4.1-all/bzyivzo6n839fup2jbap0tjew/gradle-4.1/lib/plugins/gradle-platform-play-4.1.jar
7f5308634000-7f5308643000 r--s 0005b000 08:05 12061308                   /home/sridhar/.gradle/wrapper/dists/gradle-4.1-all/bzyivzo6n839fup2jbap0tjew/gradle-4.1/lib/plugins/gradle-platform-native-4.1.jar
7f5308643000-7f530864b000 r--s 00027000 08:05 12061313                   /home/sridhar/.gradle/wrapper/dists/gradle-4.1-all/bzyivzo6n839fup2jbap0tjew/gradle-4.1/lib/plugins/gradle-platform-base-4.1.jar
7f530864b000-7f5308661000 r-xp 00000000 08:05 533513                     /lib/x86_64-linux-gnu/libgcc_s.so.1
7f5308661000-7f5308860000 ---p 00016000 08:05 533513                     /lib/x86_64-linux-gnu/libgcc_s.so.1
7f5308860000-7f5308861000 r--p 00015000 08:05 533513                     /lib/x86_64-linux-gnu/libgcc_s.so.1
7f5308861000-7f5308862000 rw-p 00016000 08:05 533513                     /lib/x86_64-linux-gnu/libgcc_s.so.1
7f5308862000-7f53089da000 r-xp 00000000 08:05 7211447                    /usr/lib/x86_64-linux-gnu/libstdc++.so.6.0.24
7f53089da000-7f5308bd9000 ---p 00178000 08:05 7211447                    /usr/lib/x86_64-linux-gnu/libstdc++.so.6.0.24
7f5308bd9000-7f5308be3000 r--p 00177000 08:05 7211447                    /usr/lib/x86_64-linux-gnu/libstdc++.so.6.0.24
7f5308be3000-7f5308be5000 rw-p 00181000 08:05 7211447                    /usr/lib/x86_64-linux-gnu/libstdc++.so.6.0.24
7f5308be5000-7f5308be8000 rw-p 00000000 00:00 0 
7f5308be8000-7f5308bed000 r-xp 00000000 08:05 12065350                   /home/sridhar/.gradle/native/25/linux-amd64/libnative-platform.so
7f5308bed000-7f5308dec000 ---p 00005000 08:05 12065350                   /home/sridhar/.gradle/native/25/linux-amd64/libnative-platform.so
7f5308dec000-7f5308ded000 rw-p 00004000 08:05 12065350                   /home/sridhar/.gradle/native/25/linux-amd64/libnative-platform.so
7f5308ded000-7f5308dfe000 r-xp 00000000 08:05 7477465                    /usr/local/android-studio/android-studio/jre/jre/lib/amd64/libnio.so
7f5308dfe000-7f5308ffd000 ---p 00011000 08:05 7477465                    /usr/local/android-studio/android-studio/jre/jre/lib/amd64/libnio.so
7f5308ffd000-7f5308ffe000 r--p 00010000 08:05 7477465                    /usr/local/android-studio/android-studio/jre/jre/lib/amd64/libnio.so
7f5308ffe000-7f5308fff000 rw-p 00011000 08:05 7477465                    /usr/local/android-studio/android-studio/jre/jre/lib/amd64/libnio.so
7f5308fff000-7f530c000000 rw-p 00000000 00:00 0 
7f530c000000-7f530c033000 rw-p 00000000 00:00 0 
7f530c033000-7f5310000000 ---p 00000000 00:00 0 
7f5310000000-7f5310002000 r--s 00009000 08:05 12061282                   /home/sridhar/.gradle/wrapper/dists/gradle-4.1-all/bzyivzo6n839fup2jbap0tjew/gradle-4.1/lib/plugins/gradle-plugin-development-4.1.jar
7f5310002000-7f5310006000 r--s 0001b000 08:05 12061305                   /home/sridhar/.gradle/wrapper/dists/gradle-4.1-all/bzyivzo6n839fup2jbap0tjew/gradle-4.1/lib/plugins/gradle-platform-jvm-4.1.jar
7f5310006000-7f531002e000 r--s 0021c000 08:05 12061324                   /home/sridhar/.gradle/wrapper/dists/gradle-4.1-all/bzyivzo6n839fup2jbap0tjew/gradle-4.1/lib/plugins/biz.aQute.bndlib-3.2.0.jar
7f531002e000-7f531002f000 r--s 00004000 08:05 12061280                   /home/sridhar/.gradle/wrapper/dists/gradle-4.1-all/bzyivzo6n839fup2jbap0tjew/gradle-4.1/lib/plugins/gradle-osgi-4.1.jar
7f531002f000-7f5310032000 r--s 0000c000 08:05 12061327                   /home/sridhar/.gradle/wrapper/dists/gradle-4.1-all/bzyivzo6n839fup2jbap0tjew/gradle-4.1/lib/plugins/pmaven-groovy-0.8-20100325.jar
7f5310032000-7f5310033000 r--s 00004000 08:05 12061326                   /home/sridhar/.gradle/wrapper/dists/gradle-4.1-all/bzyivzo6n839fup2jbap0tjew/gradle-4.1/lib/plugins/pmaven-common-0.8-20100325.jar
7f5310033000-7f5310039000 r--s 00023000 08:05 12061283                   /home/sridhar/.gradle/wrapper/dists/gradle-4.1-all/bzyivzo6n839fup2jbap0tjew/gradle-4.1/lib/plugins/gradle-maven-4.1.jar
7f5310039000-7f531003c000 r--s 0000b000 08:05 12061301                   /home/sridhar/.gradle/wrapper/dists/gradle-4.1-all/bzyivzo6n839fup2jbap0tjew/gradle-4.1/lib/plugins/gradle-language-scala-4.1.jar
7f531003c000-7f5310043000 r--s 00020000 08:05 12061307                   /home/sridhar/.gradle/wrapper/dists/gradle-4.1-all/bzyivzo6n839fup2jbap0tjew/gradle-4.1/lib/plugins/gradle-language-native-4.1.jar
7f5310043000-7f5310045000 r--s 00005000 08:05 12061304                   /home/sridhar/.gradle/wrapper/dists/gradle-4.1-all/bzyivzo6n839fup2jbap0tjew/gradle-4.1/lib/plugins/gradle-language-jvm-4.1.jar
7f5310045000-7f531004c000 r--s 0002f000 08:05 12061303                   /home/sridhar/.gradle/wrapper/dists/gradle-4.1-all/bzyivzo6n839fup2jbap0tjew/gradle-4.1/lib/plugins/gradle-language-java-4.1.jar
7f531004c000-7f531004f000 r--s 0000a000 08:05 12061300                   /home/sridhar/.gradle/wrapper/dists/gradle-4.1-all/bzyivzo6n839fup2jbap0tjew/gradle-4.1/lib/plugins/gradle-language-groovy-4.1.jar
7f531004f000-7f5310056000 r--s 00035000 08:05 12061333                   /home/sridhar/.gradle/wrapper/dists/gradle-4.1-all/bzyivzo6n839fup2jbap0tjew/gradle-4.1/lib/plugins/simple-4.1.21.jar
7f5310056000-7f5310062000 r--s 00100000 08:05 12061331                   /home/sridhar/.gradle/wrapper/dists/gradle-4.1-all/bzyivzo6n839fup2jbap0tjew/gradle-4.1/lib/plugins/rhino-1.7R3.jar
7f5310062000-7f5310066000 r--s 00012000 08:05 12061291                   /home/sridhar/.gradle/wrapper/dists/gradle-4.1-all/bzyivzo6n839fup2jbap0tjew/gradle-4.1/lib/plugins/gradle-javascript-4.1.jar
7f5310066000-7f5310069000 r--s 00011000 08:05 12061293                   /home/sridhar/.gradle/wrapper/dists/gradle-4.1-all/bzyivzo6n839fup2jbap0tjew/gradle-4.1/lib/plugins/gradle-jacoco-4.1.jar
7f5310069000-7f531006c000 r--s 0000e000 08:05 12061292                   /home/sridhar/.gradle/wrapper/dists/gradle-4.1-all/bzyivzo6n839fup2jbap0tjew/gradle-4.1/lib/plugins/gradle-ivy-4.1.jar
7f531006c000-7f531006d000 r--s 00002000 08:05 12061284                   /home/sridhar/.gradle/wrapper/dists/gradle-4.1-all/bzyivzo6n839fup2jbap0tjew/gradle-4.1/lib/plugins/gradle-ide-play-4.1.jar
7f531006d000-7f5310070000 r--s 00013000 08:05 12061285                   /home/sridhar/.gradle/wrapper/dists/gradle-4.1-all/bzyivzo6n839fup2jbap0tjew/gradle-4.1/lib/plugins/gradle-ide-native-4.1.jar
7f5310070000-7f531007a000 r--s 00054000 08:05 12061286                   /home/sridhar/.gradle/wrapper/dists/gradle-4.1-all/bzyivzo6n839fup2jbap0tjew/gradle-4.1/lib/plugins/gradle-ide-4.1.jar
7f531007a000-7f531007c000 r--s 00007000 08:05 12061289                   /home/sridhar/.gradle/wrapper/dists/gradle-4.1-all/bzyivzo6n839fup2jbap0tjew/gradle-4.1/lib/plugins/gradle-ear-4.1.jar
7f531007c000-7f531007e000 r--s 00005000 08:05 12061321                   /home/sridhar/.gradle/wrapper/dists/gradle-4.1-all/bzyivzo6n839fup2jbap0tjew/gradle-4.1/lib/plugins/jatl-0.2.2.jar
7f531007e000-7f5310085000 r--s 00038000 08:05 12061309                   /home/sridhar/.gradle/wrapper/dists/gradle-4.1-all/bzyivzo6n839fup2jbap0tjew/gradle-4.1/lib/plugins/gradle-diagnostics-4.1.jar
7f5310085000-7f5310087000 r--s 0000b000 08:05 12061298                   /home/sridhar/.gradle/wrapper/dists/gradle-4.1-all/bzyivzo6n839fup2jbap0tjew/gradle-4.1/lib/plugins/gradle-composite-builds-4.1.jar
7f5310087000-7f531008c000 r--s 00025000 08:05 12061278                   /home/sridhar/.gradle/wrapper/dists/gradle-4.1-all/bzyivzo6n839fup2jbap0tjew/gradle-4.1/lib/plugins/gradle-code-quality-4.1.jar
7f531008c000-7f5310091000 r--s 00022000 08:05 12061294                   /home/sridhar/.gradle/wrapper/dists/gradle-4.1-all/bzyivzo6n839fup2jbap0tjew/gradle-4.1/lib/plugins/gradle-build-init-4.1.jar
7f5310091000-7f5310097000 r--s 0008e000 08:05 12061288                   /home/sridhar/.gradle/wrapper/dists/gradle-4.1-all/bzyivzo6n839fup2jbap0tjew/gradle-4.1/lib/plugins/gradle-build-comparison-4.1.jar
7f5310097000-7f5310098000 r--s 00002000 08:05 12061316                   /home/sridhar/.gradle/wrapper/dists/gradle-4.1-all/bzyivzo6n839fup2jbap0tjew/gradle-4.1/lib/plugins/gradle-build-cache-http-4.1.jar
7f5310098000-7f531009a000 r--s 00008000 08:05 12061279                   /home/sridhar/.gradle/wrapper/dists/gradle-4.1-all/bzyivzo6n839fup2jbap0tjew/gradle-4.1/lib/plugins/gradle-antlr-4.1.jar
7f531009a000-7f531009c000 r--s 00004000 08:05 12061299                   /home/sridhar/.gradle/wrapper/dists/gradle-4.1-all/bzyivzo6n839fup2jbap0tjew/gradle-4.1/lib/plugins/gradle-announce-4.1.jar
7f531009c000-7f531009e000 r--s 00008000 08:05 12061219                   /home/sridhar/.gradle/wrapper/dists/gradle-4.1-all/bzyivzo6n839fup2jbap0tjew/gradle-4.1/lib/gradle-kotlin-dsl-tooling-builders-0.10.3.jar
7f531009e000-7f53100a1000 r--s 0001c000 08:05 12061337                   /home/sridhar/.gradle/wrapper/dists/gradle-4.1-all/bzyivzo6n839fup2jbap0tjew/gradle-4.1/lib/plugins/nekohtml-1.9.14.jar
7f53100a1000-7f53100a9000 r--s 00028000 08:05 12061378                   /home/sridhar/.gradle/wrapper/dists/gradle-4.1-all/bzyivzo6n839fup2jbap0tjew/gradle-4.1/lib/plugins/xml-apis-1.3.04.jar
7f53100a9000-7f53100c1000 r--s 00115000 08:05 12061338                   /home/sridhar/.gradle/wrapper/dists/gradle-4.1-all/bzyivzo6n839fup2jbap0tjew/gradle-4.1/lib/plugins/xercesImpl-2.9.1.jar
7f53100c1000-7f53100c7000 r--s 0005b000 08:05 12061336                   /home/sridhar/.gradle/wrapper/dists/gradle-4.1-all/bzyivzo6n839fup2jbap0tjew/gradle-4.1/lib/plugins/jcifs-1.3.17.jar
7f53100c7000-7f53100ce000 r--s 00049000 08:05 12061377                   /home/sridhar/.gradle/wrapper/dists/gradle-4.1-all/bzyivzo6n839fup2jbap0tjew/gradle-4.1/lib/plugins/httpcore-4.4.4.jar
7f53100ce000-7f53100d4000 r--s 00033000 08:05 12061329                   /home/sridhar/.gradle/wrapper/dists/gradle-4.1-all/bzyivzo6n839fup2jbap0tjew/gradle-4.1/lib/plugins/commons-codec-1.6.jar
7f53100d4000-7f53100e1000 r--s 000a4000 08:05 12061322                   /home/sridhar/.gradle/wrapper/dists/gradle-4.1-all/bzyivzo6n839fup2jbap0tjew/gradle-4.1/lib/plugins/httpclient-4.4.1.jar
7f53100e1000-7f53100e3000 r--s 0000b000 08:05 12061317                   /home/sridhar/.gradle/wrapper/dists/gradle-4.1-all/bzyivzo6n839fup2jbap0tjew/gradle-4.1/lib/plugins/gradle-resources-http-4.1.jar
7f53100e3000-7f53100e7000 r--s 00017000 08:05 12061314                   /home/sridhar/.gradle/wrapper/dists/gradle-4.1-all/bzyivzo6n839fup2jbap0tjew/gradle-4.1/lib/plugins/gradle-plugin-use-4.1.jar
7f53100e7000-7f53100e8000 r--s 00000000 08:05 12061225                   /home/sridhar/.gradle/wrapper/dists/gradle-4.1-all/bzyivzo6n839fup2jbap0tjew/gradle-4.1/lib/gradle-runtime-api-info-4.1.jar
7f53100e8000-7f53100e9000 r--s 00000000 08:05 12061228                   /home/sridhar/.gradle/wrapper/dists/gradle-4.1-all/bzyivzo6n839fup2jbap0tjew/gradle-4.1/lib/gradle-installation-beacon-4.1.jar
7f53100e9000-7f5310129000 r--s 00277000 08:05 12061349                   /home/sridhar/.gradle/wrapper/dists/gradle-4.1-all/bzyivzo6n839fup2jbap0tjew/gradle-4.1/lib/plugins/bcprov-jdk15on-1.51.jar
7f5310129000-7f531012d000 r--s 0001d000 08:05 12061348                   /home/sridhar/.gradle/wrapper/dists/gradle-4.1-all/bzyivzo6n839fup2jbap0tjew/gradle-4.1/lib/plugins/xbean-reflect-3.4.jar
7f531012d000-7f531012f000 r--s 0000a000 08:05 12061350                   /home/sridhar/.gradle/wrapper/dists/gradle-4.1-all/bzyivzo6n839fup2jbap0tjew/gradle-4.1/lib/plugins/maven-settings-3.0.4.jar
7f531012f000-7f5310132000 r--s 00008000 08:05 12061351                   /home/sridhar/.gradle/wrapper/dists/gradle-4.1-all/bzyivzo6n839fup2jbap0tjew/gradle-4.1/lib/plugins/maven-settings-builder-3.0.4.jar
7f5310132000-7f5310136000 r--s 00033000 08:05 12061352                   /home/sridhar/.gradle/wrapper/dists/gradle-4.1-all/bzyivzo6n839fup2jbap0tjew/gradle-4.1/lib/plugins/plexus-utils-2.0.6.jar
7f5310136000-7f5310138000 r--s 0000d000 08:05 12061353                   /home/sridhar/.gradle/wrapper/dists/gradle-4.1-all/bzyivzo6n839fup2jbap0tjew/gradle-4.1/lib/plugins/plexus-interpolation-1.14.jar
7f5310138000-7f531013a000 r--s 00000000 08:05 12061328                   /home/sridhar/.gradle/wrapper/dists/gradle-4.1-all/bzyivzo6n839fup2jbap0tjew/gradle-4.1/lib/plugins/plexus-component-annotations-1.5.5.jar
7f531013a000-7f5310141000 r--s 0002e000 08:05 12061354                   /home/sridhar/.gradle/wrapper/dists/gradle-4.1-all/bzyivzo6n839fup2jbap0tjew/gradle-4.1/lib/plugins/plexus-container-default-1.5.5.jar
7f5310141000-7f5310143000 r--s 0000a000 08:05 12061355                   /home/sridhar/.gradle/wrapper/dists/gradle-4.1-all/bzyivzo6n839fup2jbap0tjew/gradle-4.1/lib/plugins/plexus-classworlds-2.4.jar
7f5310143000-7f5310145000 r--s 00002000 08:05 12061356                   /home/sridhar/.gradle/wrapper/dists/gradle-4.1-all/bzyivzo6n839fup2jbap0tjew/gradle-4.1/lib/plugins/plexus-cipher-1.7.jar
7f5310145000-7f5310146000 r--s 00006000 08:05 12061357                   /home/sridhar/.gradle/wrapper/dists/gradle-4.1-all/bzyivzo6n839fup2jbap0tjew/gradle-4.1/lib/plugins/plexus-sec-dispatcher-1.3.jar
7f5310146000-7f531014c000 r--s 0003f000 08:05 12061358                   /home/sridhar/.gradle/wrapper/dists/gradle-4.1-all/bzyivzo6n839fup2jbap0tjew/gradle-4.1/lib/plugins/maven-compat-3.0.4.jar
7f531014c000-7f5310150000 r--s 00021000 08:05 12061359                   /home/sridhar/.gradle/wrapper/dists/gradle-4.1-all/bzyivzo6n839fup2jbap0tjew/gradle-4.1/lib/plugins/maven-model-builder-3.0.4.jar
7f5310150000-7f5310152000 r--s 00026000 08:05 12061360                   /home/sridhar/.gradle/wrapper/dists/gradle-4.1-all/bzyivzo6n839fup2jbap0tjew/gradle-4.1/lib/plugins/maven-model-3.0.4.jar
7f5310152000-7f5310154000 r--s 0000b000 08:05 12061361                   /home/sridhar/.gradle/wrapper/dists/gradle-4.1-all/bzyivzo6n839fup2jbap0tjew/gradle-4.1/lib/plugins/maven-artifact-3.0.4.jar
7f5310154000-7f5310156000 r--s 00006000 08:05 12061362                   /home/sridhar/.gradle/wrapper/dists/gradle-4.1-all/bzyivzo6n839fup2jbap0tjew/gradle-4.1/lib/plugins/maven-repository-metadata-3.0.4.jar
7f5310156000-7f5310158000 r--s 0000b000 08:05 12061363                   /home/sridhar/.gradle/wrapper/dists/gradle-4.1-all/bzyivzo6n839fup2jbap0tjew/gradle-4.1/lib/plugins/maven-plugin-api-3.0.4.jar
7f5310158000-7f531015a000 r--s 0000c000 08:05 12061364                   /home/sridhar/.gradle/wrapper/dists/gradle-4.1-all/bzyivzo6n839fup2jbap0tjew/gradle-4.1/lib/plugins/maven-aether-provider-3.0.4.jar
7f531015a000-7f531015b000 r--s 00002000 08:05 12061365                   /home/sridhar/.gradle/wrapper/dists/gradle-4.1-all/bzyivzo6n839fup2jbap0tjew/gradle-4.1/lib/plugins/wagon-file-2.4.jar
7f531015b000-7f531015c000 r--s 00002000 08:05 12061366                   /home/sridhar/.gradle/wrapper/dists/gradle-4.1-all/bzyivzo6n839fup2jbap0tjew/gradle-4.1/lib/plugins/wagon-http-2.4.jar
7f531015c000-7f531015e000 r--s 0000b000 08:05 12061367                   /home/sridhar/.gradle/wrapper/dists/gradle-4.1-all/bzyivzo6n839fup2jbap0tjew/gradle-4.1/lib/plugins/wagon-provider-api-2.4.jar
7f531015e000-7f531015f000 r--s 00007000 08:05 12061368                   /home/sridhar/.gradle/wrapper/dists/gradle-4.1-all/bzyivzo6n839fup2jbap0tjew/gradle-4.1/lib/plugins/wagon-http-shared4-2.4.jar
7f531015f000-7f5310162000 r--s 00013000 08:05 12061369                   /home/sridhar/.gradle/wrapper/dists/gradle-4.1-all/bzyivzo6n839fup2jbap0tjew/gradle-4.1/lib/plugins/aether-api-1.13.1.jar
7f5310162000-7f5310165000 r--s 0001d000 08:05 12061370                   /home/sridhar/.gradle/wrapper/dists/gradle-4.1-all/bzyivzo6n839fup2jbap0tjew/gradle-4.1/lib/plugins/aether-impl-1.13.1.jar
7f5310165000-7f5310166000 r--s 00003000 08:05 12061371                   /home/sridhar/.gradle/wrapper/dists/gradle-4.1-all/bzyivzo6n839fup2jbap0tjew/gradle-4.1/lib/plugins/aether-spi-1.13.1.jar
7f5310166000-7f531016a000 r--s 0001c000 08:05 12061372                   /home/sridhar/.gradle/wrapper/dists/gradle-4.1-all/bzyivzo6n839fup2jbap0tjew/gradle-4.1/lib/plugins/aether-util-1.13.1.jar
7f531016a000-7f531016c000 r--s 00006000 08:05 12061373                   /home/sridhar/.gradle/wrapper/dists/gradle-4.1-all/bzyivzo6n839fup2jbap0tjew/gradle-4.1/lib/plugins/aether-connector-wagon-1.13.1.jar
7f531016c000-7f5310178000 r--s 0007d000 08:05 12061325                   /home/sridhar/.gradle/wrapper/dists/gradle-4.1-all/bzyivzo6n839fup2jbap0tjew/gradle-4.1/lib/plugins/maven-core-3.0.4.jar
7f5310178000-7f531017d000 r--s 00034000 08:05 12061332                   /home/sridhar/.gradle/wrapper/dists/gradle-4.1-all/bzyivzo6n839fup2jbap0tjew/gradle-4.1/lib/plugins/gson-2.7.jar
7f531017d000-7f5310182000 r--s 00040000 08:05 12061340                   /home/sridhar/.gradle/wrapper/dists/gradle-4.1-all/bzyivzo6n839fup2jbap0tjew/gradle-4.1/lib/plugins/jsch-0.1.54.jar
7f5310182000-7f5310191000 r--s 000d9000 08:05 12061339                   /home/sridhar/.gradle/wrapper/dists/gradle-4.1-all/bzyivzo6n839fup2jbap0tjew/gradle-4.1/lib/plugins/ivy-2.2.0.jar
7f5310191000-7f53101b5000 r--s 0011a000 08:05 12061320                   /home/sridhar/.gradle/wrapper/dists/gradle-4.1-all/bzyivzo6n839fup2jbap0tjew/gradle-4.1/lib/plugins/gradle-dependency-management-4.1.jar
7f53101b5000-7f53101b8000 r--s 0000d000 08:05 12061319                   /home/sridhar/.gradle/wrapper/dists/gradle-4.1-all/bzyivzo6n839fup2jbap0tjew/gradle-4.1/lib/plugins/gradle-workers-4.1.jar
7f53101b8000-7f53101ce000 r-xp 00000000 08:05 7477467                    /usr/local/android-studio/android-studio/jre/jre/lib/amd64/libnet.so
7f53101ce000-7f53103ce000 ---p 00016000 08:05 7477467                    /usr/local/android-studio/android-studio/jre/jre/lib/amd64/libnet.so
7f53103ce000-7f53103cf000 r--p 00016000 08:05 7477467                    /usr/local/android-studio/android-studio/jre/jre/lib/amd64/libnet.so
7f53103cf000-7f53103d0000 rw-p 00017000 08:05 7477467                    /usr/local/android-studio/android-studio/jre/jre/lib/amd64/libnet.so
7f53103d0000-7f53103d1000 r--s 00006000 08:05 12061227                   /home/sridhar/.gradle/wrapper/dists/gradle-4.1-all/bzyivzo6n839fup2jbap0tjew/gradle-4.1/lib/gradle-wrapper-4.1.jar
7f53103d1000-7f53103de000 r--s 00043000 08:05 12061226                   /home/sridhar/.gradle/wrapper/dists/gradle-4.1-all/bzyivzo6n839fup2jbap0tjew/gradle-4.1/lib/gradle-tooling-api-4.1.jar
7f53103de000-7f53103ed000 r--s 000c8000 08:05 12061223                   /home/sridhar/.gradle/wrapper/dists/gradle-4.1-all/bzyivzo6n839fup2jbap0tjew/gradle-4.1/lib/kotlin-stdlib-1.1.3-2.jar
7f53103ed000-7f531041f000 r--s 0021b000 08:05 12061222                   /home/sridhar/.gradle/wrapper/dists/gradle-4.1-all/bzyivzo6n839fup2jbap0tjew/gradle-4.1/lib/kotlin-reflect-1.1.3-2.jar
7f531041f000-7f53105d6000 r--s 01786000 08:05 12061221                   /home/sridhar/.gradle/wrapper/dists/gradle-4.1-all/bzyivzo6n839fup2jbap0tjew/gradle-4.1/lib/kotlin-compiler-embeddable-1.1.3-2.jar
7f53105d6000-7f53105d7000 r--s 00000000 08:05 12061220                   /home/sridhar/.gradle/wrapper/dists/gradle-4.1-all/bzyivzo6n839fup2jbap0tjew/gradle-4.1/lib/gradle-kotlin-dsl-tooling-models-0.10.3.jar
7f53105d7000-7f53105d8000 r--s 00001000 08:05 12061218                   /home/sridhar/.gradle/wrapper/dists/gradle-4.1-all/bzyivzo6n839fup2jbap0tjew/gradle-4.1/lib/gradle-kotlin-dsl-compiler-plugin-0.10.3.jar
7f53105d8000-7f53105da000 r--s 00003000 08:05 12061216                   /home/sridhar/.gradle/wrapper/dists/gradle-4.1-all/bzyivzo6n839fup2jbap0tjew/gradle-4.1/lib/annotations-13.0.jar
7f53105da000-7f53105e4000 r--s 00073000 08:05 12061217                   /home/sridhar/.gradle/wrapper/dists/gradle-4.1-all/bzyivzo6n839fup2jbap0tjew/gradle-4.1/lib/gradle-kotlin-dsl-0.10.3.jar
7f53105e4000-7f53105e9000 r--s 00013000 08:05 12061233                   /home/sridhar/.gradle/wrapper/dists/gradle-4.1-all/bzyivzo6n839fup2jbap0tjew/gradle-4.1/lib/gradle-resources-4.1.jar
7f53105e9000-7f53105eb000 r--s 00005000 08:05 12061240                   /home/sridhar/.gradle/wrapper/dists/gradle-4.1-all/bzyivzo6n839fup2jbap0tjew/gradle-4.1/lib/gradle-cli-4.1.jar
7f53105eb000-7f53105ed000 r--s 00003000 08:05 12061247                   /home/sridhar/.gradle/wrapper/dists/gradle-4.1-all/bzyivzo6n839fup2jbap0tjew/gradle-4.1/lib/jcl-over-slf4j-1.7.10.jar
7f53105ed000-7f53105ee000 r--s 00005000 08:05 12061246                   /home/sridhar/.gradle/wrapper/dists/gradle-4.1-all/bzyivzo6n839fup2jbap0tjew/gradle-4.1/lib/log4j-over-slf4j-1.7.10.jar
7f53105ee000-7f53105f0000 r--s 00000000 08:05 12061245                   /home/sridhar/.gradle/wrapper/dists/gradle-4.1-all/bzyivzo6n839fup2jbap0tjew/gradle-4.1/lib/jul-to-slf4j-1.7.10.jar
7f53105f0000-7f53105f7000 r--s 0002c000 08:05 12061231                   /home/sridhar/.gradle/wrapper/dists/gradle-4.1-all/bzyivzo6n839fup2jbap0tjew/gradle-4.1/lib/gradle-logging-4.1.jar
7f53105f7000-7f5310607000 r--s 00082000 08:05 12061236                   /home/sridhar/.gradle/wrapper/dists/gradle-4.1-all/bzyivzo6n839fup2jbap0tjew/gradle-4.1/lib/gradle-model-core-4.1.jar
7f5310607000-7f5310609000 r--s 00006000 08:05 12061237                   /home/sridhar/.gradle/wrapper/dists/gradle-4.1-all/bzyivzo6n839fup2jbap0tjew/gradle-4.1/lib/gradle-base-services-groovy-4.1.jar
7f5310609000-7f531060b000 r--s 00007000 08:05 12061235                   /home/sridhar/.gradle/wrapper/dists/gradle-4.1-all/bzyivzo6n839fup2jbap0tjew/gradle-4.1/lib/gradle-model-groovy-4.1.jar
7f531060b000-7f531060c000 r--s 00002000 08:05 12061258                   /home/sridhar/.gradle/wrapper/dists/gradle-4.1-all/bzyivzo6n839fup2jbap0tjew/gradle-4.1/lib/gradle-docs-4.1.jar
7f531060c000-7f5310619000 r--s 00083000 08:05 12061256                   /home/sridhar/.gradle/wrapper/dists/gradle-4.1-all/bzyivzo6n839fup2jbap0tjew/gradle-4.1/lib/commons-collections-3.2.2.jar
7f5310619000-7f531061a000 r--s 00000000 08:05 12061255                   /home/sridhar/.gradle/wrapper/dists/gradle-4.1-all/bzyivzo6n839fup2jbap0tjew/gradle-4.1/lib/javax.inject-1.jar
7f531061a000-7f531068a000 r--s 00645000 08:05 12061253                   /home/sridhar/.gradle/wrapper/dists/gradle-4.1-all/bzyivzo6n839fup2jbap0tjew/gradle-4.1/lib/groovy-all-2.4.11.jar
7f531068a000-7f531068d000 r--s 00023000 08:05 12061259                   /home/sridhar/.gradle/wrapper/dists/gradle-4.1-all/bzyivzo6n839fup2jbap0tjew/gradle-4.1/lib/jansi-1.14.jar
7f531068d000-7f531068e000 r--s 00004000 08:05 12061261                   /home/sridhar/.gradle/wrapper/dists/gradle-4.1-all/bzyivzo6n839fup2jbap0tjew/gradle-4.1/lib/native-platform-freebsd-amd64-libcpp-0.14.jar
7f531068e000-7f531068f000 r--s 00004000 08:05 12061262                   /home/sridhar/.gradle/wrapper/dists/gradle-4.1-all/bzyivzo6n839fup2jbap0tjew/gradle-4.1/lib/native-platform-freebsd-amd64-libstdcpp-0.14.jar
7f531068f000-7f5310690000 r--s 00004000 08:05 12061263                   /home/sridhar/.gradle/wrapper/dists/gradle-4.1-all/bzyivzo6n839fup2jbap0tjew/gradle-4.1/lib/native-platform-freebsd-i386-libcpp-0.14.jar
7f5310690000-7f5310691000 r--s 00003000 08:05 12061264                   /home/sridhar/.gradle/wrapper/dists/gradle-4.1-all/bzyivzo6n839fup2jbap0tjew/gradle-4.1/lib/native-platform-freebsd-i386-libstdcpp-0.14.jar
7f5310691000-7f5310692000 r--s 00002000 08:05 12061265                   /home/sridhar/.gradle/wrapper/dists/gradle-4.1-all/bzyivzo6n839fup2jbap0tjew/gradle-4.1/lib/native-platform-linux-amd64-0.14.jar
7f5310692000-7f5310693000 r--s 00002000 08:05 12061266                   /home/sridhar/.gradle/wrapper/dists/gradle-4.1-all/bzyivzo6n839fup2jbap0tjew/gradle-4.1/lib/native-platform-linux-i386-0.14.jar
7f5310693000-7f5310695000 r--s 00002000 08:05 12061267                   /home/sridhar/.gradle/wrapper/dists/gradle-4.1-all/bzyivzo6n839fup2jbap0tjew/gradle-4.1/lib/native-platform-osx-amd64-0.14.jar
7f5310695000-7f5310696000 r--s 00003000 08:05 12061268                   /home/sridhar/.gradle/wrapper/dists/gradle-4.1-all/bzyivzo6n839fup2jbap0tjew/gradle-4.1/lib/native-platform-osx-i386-0.14.jar
7f5310696000-7f5310698000 r--s 0000b000 08:05 12061269                   /home/sridhar/.gradle/wrapper/dists/gradle-4.1-all/bzyivzo6n839fup2jbap0tjew/gradle-4.1/lib/native-platform-windows-amd64-0.14.jar
7f5310698000-7f5310699000 r--s 0000b000 08:05 12061270                   /home/sridhar/.gradle/wrapper/dists/gradle-4.1-all/bzyivzo6n839fup2jbap0tjew/gradle-4.1/lib/native-platform-windows-i386-0.14.jar
7f5310699000-7f531069a000 r--s 00001000 08:05 12061271                   /home/sridhar/.gradle/wrapper/dists/gradle-4.1-all/bzyivzo6n839fup2jbap0tjew/gradle-4.1/lib/native-platform-linux-amd64-ncurses5-0.14.jar
7f531069a000-7f531069b000 r--s 00001000 08:05 12061272                   /home/sridhar/.gradle/wrapper/dists/gradle-4.1-all/bzyivzo6n839fup2jbap0tjew/gradle-4.1/lib/native-platform-linux-amd64-ncurses6-0.14.jar
7f531069b000-7f531069c000 r--s 00001000 08:05 12061273                   /home/sridhar/.gradle/wrapper/dists/gradle-4.1-all/bzyivzo6n839fup2jbap0tjew/gradle-4.1/lib/native-platform-linux-i386-ncurses5-0.14.jar
7f531069c000-7f53106a0000 r--s 00012000 08:05 12061257                   /home/sridhar/.gradle/wrapper/dists/gradle-4.1-all/bzyivzo6n839fup2jbap0tjew/gradle-4.1/lib/native-platform-0.14.jar
7f53106a0000-7f53106a3000 r--s 0000c000 08:05 12061234                   /home/sridhar/.gradle/wrapper/dists/gradle-4.1-all/bzyivzo6n839fup2jbap0tjew/gradle-4.1/lib/gradle-native-4.1.jar
7f53106a3000-7f53106a5000 r--s 0000f000 08:05 12061242                   /home/sridhar/.gradle/wrapper/dists/gradle-4.1-all/bzyivzo6n839fup2jbap0tjew/gradle-4.1/lib/reflectasm-1.07-shaded.jar
7f53106a5000-7f53106a7000 r--s 00000000 08:05 12061275                   /home/sridhar/.gradle/wrapper/dists/gradle-4.1-all/bzyivzo6n839fup2jbap0tjew/gradle-4.1/lib/minlog-1.2.jar
7f53106a7000-7f53106a9000 r--s 00007000 08:05 12061276                   /home/sridhar/.gradle/wrapper/dists/gradle-4.1-all/bzyivzo6n839fup2jbap0tjew/gradle-4.1/lib/objenesis-1.2.jar
7f53106a9000-7f53106ad000 r--s 00026000 08:05 12061241                   /home/sridhar/.gradle/wrapper/dists/gradle-4.1-all/bzyivzo6n839fup2jbap0tjew/gradle-4.1/lib/kryo-2.20.jar
7f53106ad000-7f53106b3000 r--s 0002b000 08:05 12061238                   /home/sridhar/.gradle/wrapper/dists/gradle-4.1-all/bzyivzo6n839fup2jbap0tjew/gradle-4.1/lib/gradle-messaging-4.1.jar
7f53106b3000-7f53106b5000 r--s 00006000 08:05 12061232                   /home/sridhar/.gradle/wrapper/dists/gradle-4.1-all/bzyivzo6n839fup2jbap0tjew/gradle-4.1/lib/gradle-process-services-4.1.jar
7f53106b5000-7f53106b7000 r--s 00000000 08:05 12061230                   /home/sridhar/.gradle/wrapper/dists/gradle-4.1-all/bzyivzo6n839fup2jbap0tjew/gradle-4.1/lib/gradle-jvm-services-4.1.jar
7f53106b7000-7f53106bc000 r--s 00041000 08:05 12061251                   /home/sridhar/.gradle/wrapper/dists/gradle-4.1-all/bzyivzo6n839fup2jbap0tjew/gradle-4.1/lib/commons-lang-2.6.jar
7f53106bc000-7f53106bf000 r--s 00006000 08:05 12061250                   /home/sridhar/.gradle/wrapper/dists/gradle-4.1-all/bzyivzo6n839fup2jbap0tjew/gradle-4.1/lib/jsr305-1.3.9.jar
7f53106bf000-7f53106e7000 r--s 001cf000 08:05 12061249                   /home/sridhar/.gradle/wrapper/dists/gradle-4.1-all/bzyivzo6n839fup2jbap0tjew/gradle-4.1/lib/guava-jdk5-17.0.jar
7f53106e7000-7f53106eb000 r--s 00027000 08:05 12061244                   /home/sridhar/.gradle/wrapper/dists/gradle-4.1-all/bzyivzo6n839fup2jbap0tjew/gradle-4.1/lib/commons-io-2.2.jar
7f53106eb000-7f53106f3000 r--s 000bd000 08:05 12061243                   /home/sridhar/.gradle/wrapper/dists/gradle-4.1-all/bzyivzo6n839fup2jbap0tjew/gradle-4.1/lib/asm-debug-all-6.0_ALPHA.jar
7f53106f3000-7f5310712000 r--s 001d1000 08:05 12061254                   /home/sridhar/.gradle/wrapper/dists/gradle-4.1-all/bzyivzo6n839fup2jbap0tjew/gradle-4.1/lib/ant-1.9.6.jar
7f5310712000-7f531071e000 r--s 00053000 08:05 12061239                   /home/sridhar/.gradle/wrapper/dists/gradle-4.1-all/bzyivzo6n839fup2jbap0tjew/gradle-4.1/lib/gradle-base-services-4.1.jar
7f531071e000-7f531071f000 ---p 00000000 00:00 0 
7f531071f000-7f531081f000 rw-p 00000000 00:00 0 
7f531081f000-7f5310822000 ---p 00000000 00:00 0 
7f5310822000-7f5310920000 rw-p 00000000 00:00 0 
7f5310920000-7f5310923000 ---p 00000000 00:00 0 
7f5310923000-7f5310a21000 rw-p 00000000 00:00 0 
7f5310a21000-7f5310a24000 ---p 00000000 00:00 0 
7f5310a24000-7f5310b22000 rw-p 00000000 00:00 0 
7f5310b22000-7f5310b25000 ---p 00000000 00:00 0 
7f5310b25000-7f5310c23000 rw-p 00000000 00:00 0 
7f5310c23000-7f5310c26000 ---p 00000000 00:00 0 
7f5310c26000-7f5310d24000 rw-p 00000000 00:00 0 
7f5310d24000-7f5311000000 r--p 00000000 08:05 7211745                    /usr/lib/locale/locale-archive
7f5311000000-7f5314000000 rw-p 00000000 00:00 0 
7f5314000000-7f5314021000 rw-p 00000000 00:00 0 
7f5314021000-7f5318000000 ---p 00000000 00:00 0 
7f5318000000-7f5318001000 r--s 00001000 08:05 12061274                   /home/sridhar/.gradle/wrapper/dists/gradle-4.1-all/bzyivzo6n839fup2jbap0tjew/gradle-4.1/lib/native-platform-linux-i386-ncurses6-0.14.jar
7f5318001000-7f5318002000 r--s 00000000 08:05 12061252                   /home/sridhar/.gradle/wrapper/dists/gradle-4.1-all/bzyivzo6n839fup2jbap0tjew/gradle-4.1/lib/jcip-annotations-1.0.jar
7f5318002000-7f531804c000 r--s 00253000 08:05 12061229                   /home/sridhar/.gradle/wrapper/dists/gradle-4.1-all/bzyivzo6n839fup2jbap0tjew/gradle-4.1/lib/gradle-core-4.1.jar
7f531804c000-7f531804f000 ---p 00000000 00:00 0 
7f531804f000-7f531814d000 rw-p 00000000 00:00 0 
7f531814d000-7f5318150000 ---p 00000000 00:00 0 
7f5318150000-7f531824e000 rw-p 00000000 00:00 0 
7f531824e000-7f531824f000 ---p 00000000 00:00 0 
7f531824f000-7f5319000000 rw-p 00000000 00:00 0 
7f5319000000-7f531a5f0000 rwxp 00000000 00:00 0 
7f531a5f0000-7f5328000000 ---p 00000000 00:00 0 
7f5328000000-7f5328cd2000 rw-p 00000000 00:00 0 
7f5328cd2000-7f532c000000 ---p 00000000 00:00 0 
7f532c000000-7f532c00c000 r--s 0005c000 08:05 12061224                   /home/sridhar/.gradle/wrapper/dists/gradle-4.1-all/bzyivzo6n839fup2jbap0tjew/gradle-4.1/lib/gradle-launcher-4.1.jar
7f532c00c000-7f532c30f000 rw-p 00000000 00:00 0 
7f532c30f000-7f532c4df000 r--s 03c46000 08:05 7477421                    /usr/local/android-studio/android-studio/jre/jre/lib/rt.jar
7f532c4df000-7f532d055000 rw-p 00000000 00:00 0 
7f532d055000-7f532d056000 ---p 00000000 00:00 0 
7f532d056000-7f532d156000 rw-p 00000000 00:00 0 
7f532d156000-7f532d157000 ---p 00000000 00:00 0 
7f532d157000-7f532d257000 rw-p 00000000 00:00 0 
7f532d257000-7f532d258000 ---p 00000000 00:00 0 
7f532d258000-7f532d358000 rw-p 00000000 00:00 0 
7f532d358000-7f532d359000 ---p 00000000 00:00 0 
7f532d359000-7f532d471000 rw-p 00000000 00:00 0 
7f532d471000-7f532d659000 ---p 00000000 00:00 0 
7f532d659000-7f532d671000 rw-p 00000000 00:00 0 
7f532d671000-7f532d859000 ---p 00000000 00:00 0 
7f532d859000-7f532d902000 rw-p 00000000 00:00 0 
7f532d902000-7f532d959000 ---p 00000000 00:00 0 
7f532d959000-7f532d9b2000 rw-p 00000000 00:00 0 
7f532d9b2000-7f532dd1a000 ---p 00000000 00:00 0 
7f532dd1a000-7f532dd34000 r-xp 00000000 08:05 7477442                    /usr/local/android-studio/android-studio/jre/jre/lib/amd64/libzip.so
7f532dd34000-7f532df34000 ---p 0001a000 08:05 7477442                    /usr/local/android-studio/android-studio/jre/jre/lib/amd64/libzip.so
7f532df34000-7f532df35000 r--p 0001a000 08:05 7477442                    /usr/local/android-studio/android-studio/jre/jre/lib/amd64/libzip.so
7f532df35000-7f532df36000 rw-p 0001b000 08:05 7477442                    /usr/local/android-studio/android-studio/jre/jre/lib/amd64/libzip.so
7f532df36000-7f532df41000 r-xp 00000000 08:05 524545                     /lib/x86_64-linux-gnu/libnss_files-2.26.so
7f532df41000-7f532e140000 ---p 0000b000 08:05 524545                     /lib/x86_64-linux-gnu/libnss_files-2.26.so
7f532e140000-7f532e141000 r--p 0000a000 08:05 524545                     /lib/x86_64-linux-gnu/libnss_files-2.26.so
7f532e141000-7f532e142000 rw-p 0000b000 08:05 524545                     /lib/x86_64-linux-gnu/libnss_files-2.26.so
7f532e142000-7f532e148000 rw-p 00000000 00:00 0 
7f532e148000-7f532e153000 r-xp 00000000 08:05 524547                     /lib/x86_64-linux-gnu/libnss_nis-2.26.so
7f532e153000-7f532e352000 ---p 0000b000 08:05 524547                     /lib/x86_64-linux-gnu/libnss_nis-2.26.so
7f532e352000-7f532e353000 r--p 0000a000 08:05 524547                     /lib/x86_64-linux-gnu/libnss_nis-2.26.so
7f532e353000-7f532e354000 rw-p 0000b000 08:05 524547                     /lib/x86_64-linux-gnu/libnss_nis-2.26.so
7f532e354000-7f532e36b000 r-xp 00000000 08:05 524542                     /lib/x86_64-linux-gnu/libnsl-2.26.so
7f532e36b000-7f532e56a000 ---p 00017000 08:05 524542                     /lib/x86_64-linux-gnu/libnsl-2.26.so
7f532e56a000-7f532e56b000 r--p 00016000 08:05 524542                     /lib/x86_64-linux-gnu/libnsl-2.26.so
7f532e56b000-7f532e56c000 rw-p 00017000 08:05 524542                     /lib/x86_64-linux-gnu/libnsl-2.26.so
7f532e56c000-7f532e56e000 rw-p 00000000 00:00 0 
7f532e56e000-7f532e576000 r-xp 00000000 08:05 524543                     /lib/x86_64-linux-gnu/libnss_compat-2.26.so
7f532e576000-7f532e775000 ---p 00008000 08:05 524543                     /lib/x86_64-linux-gnu/libnss_compat-2.26.so
7f532e775000-7f532e776000 r--p 00007000 08:05 524543                     /lib/x86_64-linux-gnu/libnss_compat-2.26.so
7f532e776000-7f532e777000 rw-p 00008000 08:05 524543                     /lib/x86_64-linux-gnu/libnss_compat-2.26.so
7f532e777000-7f532e7a4000 r-xp 00000000 08:05 7477441                    /usr/local/android-studio/android-studio/jre/jre/lib/amd64/libjava.so
7f532e7a4000-7f532e9a3000 ---p 0002d000 08:05 7477441                    /usr/local/android-studio/android-studio/jre/jre/lib/amd64/libjava.so
7f532e9a3000-7f532e9a4000 r--p 0002c000 08:05 7477441                    /usr/local/android-studio/android-studio/jre/jre/lib/amd64/libjava.so
7f532e9a4000-7f532e9a6000 rw-p 0002d000 08:05 7477441                    /usr/local/android-studio/android-studio/jre/jre/lib/amd64/libjava.so
7f532e9a6000-7f532e9b6000 r-xp 00000000 08:05 7477447                    /usr/local/android-studio/android-studio/jre/jre/lib/amd64/libverify.so
7f532e9b6000-7f532ebb5000 ---p 00010000 08:05 7477447                    /usr/local/android-studio/android-studio/jre/jre/lib/amd64/libverify.so
7f532ebb5000-7f532ebb7000 r--p 0000f000 08:05 7477447                    /usr/local/android-studio/android-studio/jre/jre/lib/amd64/libverify.so
7f532ebb7000-7f532ebb8000 rw-p 00011000 08:05 7477447                    /usr/local/android-studio/android-studio/jre/jre/lib/amd64/libverify.so
7f532ebb8000-7f532ebbf000 r-xp 00000000 08:05 524552                     /lib/x86_64-linux-gnu/librt-2.26.so
7f532ebbf000-7f532edbe000 ---p 00007000 08:05 524552                     /lib/x86_64-linux-gnu/librt-2.26.so
7f532edbe000-7f532edbf000 r--p 00006000 08:05 524552                     /lib/x86_64-linux-gnu/librt-2.26.so
7f532edbf000-7f532edc0000 rw-p 00007000 08:05 524552                     /lib/x86_64-linux-gnu/librt-2.26.so
7f532edc0000-7f532ef15000 r-xp 00000000 08:05 524539                     /lib/x86_64-linux-gnu/libm-2.26.so
7f532ef15000-7f532f114000 ---p 00155000 08:05 524539                     /lib/x86_64-linux-gnu/libm-2.26.so
7f532f114000-7f532f115000 r--p 00154000 08:05 524539                     /lib/x86_64-linux-gnu/libm-2.26.so
7f532f115000-7f532f116000 rw-p 00155000 08:05 524539                     /lib/x86_64-linux-gnu/libm-2.26.so
7f532f116000-7f532fd0e000 r-xp 00000000 08:05 7477451                    /usr/local/android-studio/android-studio/jre/jre/lib/amd64/server/libjvm.so
7f532fd0e000-7f532ff0e000 ---p 00bf8000 08:05 7477451                    /usr/local/android-studio/android-studio/jre/jre/lib/amd64/server/libjvm.so
7f532ff0e000-7f532ffad000 r--p 00bf8000 08:05 7477451                    /usr/local/android-studio/android-studio/jre/jre/lib/amd64/server/libjvm.so
7f532ffad000-7f532ffd6000 rw-p 00c97000 08:05 7477451                    /usr/local/android-studio/android-studio/jre/jre/lib/amd64/server/libjvm.so
7f532ffd6000-7f533001a000 rw-p 00000000 00:00 0 
7f533001a000-7f5330034000 r-xp 00000000 08:05 524550                     /lib/x86_64-linux-gnu/libpthread-2.26.so
7f5330034000-7f5330233000 ---p 0001a000 08:05 524550                     /lib/x86_64-linux-gnu/libpthread-2.26.so
7f5330233000-7f5330234000 r--p 00019000 08:05 524550                     /lib/x86_64-linux-gnu/libpthread-2.26.so
7f5330234000-7f5330235000 rw-p 0001a000 08:05 524550                     /lib/x86_64-linux-gnu/libpthread-2.26.so
7f5330235000-7f5330239000 rw-p 00000000 00:00 0 
7f5330239000-7f533023c000 r-xp 00000000 08:05 524538                     /lib/x86_64-linux-gnu/libdl-2.26.so
7f533023c000-7f533043b000 ---p 00003000 08:05 524538                     /lib/x86_64-linux-gnu/libdl-2.26.so
7f533043b000-7f533043c000 r--p 00002000 08:05 524538                     /lib/x86_64-linux-gnu/libdl-2.26.so
7f533043c000-7f533043d000 rw-p 00003000 08:05 524538                     /lib/x86_64-linux-gnu/libdl-2.26.so
7f533043d000-7f5330613000 r-xp 00000000 08:05 524535                     /lib/x86_64-linux-gnu/libc-2.26.so
7f5330613000-7f5330813000 ---p 001d6000 08:05 524535                     /lib/x86_64-linux-gnu/libc-2.26.so
7f5330813000-7f5330817000 r--p 001d6000 08:05 524535                     /lib/x86_64-linux-gnu/libc-2.26.so
7f5330817000-7f5330819000 rw-p 001da000 08:05 524535                     /lib/x86_64-linux-gnu/libc-2.26.so
7f5330819000-7f533081d000 rw-p 00000000 00:00 0 
7f533081d000-7f5330833000 r-xp 00000000 08:05 7477390                    /usr/local/android-studio/android-studio/jre/lib/amd64/jli/libjli.so
7f5330833000-7f5330a32000 ---p 00016000 08:05 7477390                    /usr/local/android-studio/android-studio/jre/lib/amd64/jli/libjli.so
7f5330a32000-7f5330a33000 r--p 00015000 08:05 7477390                    /usr/local/android-studio/android-studio/jre/lib/amd64/jli/libjli.so
7f5330a33000-7f5330a34000 rw-p 00016000 08:05 7477390                    /usr/local/android-studio/android-studio/jre/lib/amd64/jli/libjli.so
7f5330a34000-7f5330a5b000 r-xp 00000000 08:05 524531                     /lib/x86_64-linux-gnu/ld-2.26.so
7f5330a5b000-7f5330a5c000 r--s 00007000 08:05 12061248                   /home/sridhar/.gradle/wrapper/dists/gradle-4.1-all/bzyivzo6n839fup2jbap0tjew/gradle-4.1/lib/slf4j-api-1.7.10.jar
7f5330a5c000-7f5330a5d000 r--s 00004000 08:05 12061260                   /home/sridhar/.gradle/wrapper/dists/gradle-4.1-all/bzyivzo6n839fup2jbap0tjew/gradle-4.1/lib/ant-launcher-1.9.6.jar
7f5330a5d000-7f5330b2e000 rw-p 00000000 00:00 0 
7f5330b2e000-7f5330b31000 ---p 00000000 00:00 0 
7f5330b31000-7f5330c4f000 rw-p 00000000 00:00 0 
7f5330c4f000-7f5330c57000 rw-s 00000000 08:05 3417554                    /tmp/hsperfdata_sridhar/18635
7f5330c57000-7f5330c58000 rw-p 00000000 00:00 0 
7f5330c58000-7f5330c59000 ---p 00000000 00:00 0 
7f5330c59000-7f5330c5b000 rw-p 00000000 00:00 0 
7f5330c5b000-7f5330c5c000 r--p 00027000 08:05 524531                     /lib/x86_64-linux-gnu/ld-2.26.so
7f5330c5c000-7f5330c5d000 rw-p 00028000 08:05 524531                     /lib/x86_64-linux-gnu/ld-2.26.so
7f5330c5d000-7f5330c5e000 rw-p 00000000 00:00 0 
7ffebaddf000-7ffebae00000 rw-p 00000000 00:00 0                          [stack]
7ffebafe8000-7ffebafeb000 r--p 00000000 00:00 0                          [vvar]
7ffebafeb000-7ffebafed000 r-xp 00000000 00:00 0                          [vdso]
ffffffffff600000-ffffffffff601000 r-xp 00000000 00:00 0                  [vsyscall]

VM Arguments:
jvm_args: -Xmx1536m -Dfile.encoding=UTF-8 -Duser.country=IN -Duser.language=en -Duser.variant 
java_command: org.gradle.launcher.daemon.bootstrap.GradleDaemon 4.1
java_class_path (initial): /home/sridhar/.gradle/wrapper/dists/gradle-4.1-all/bzyivzo6n839fup2jbap0tjew/gradle-4.1/lib/gradle-launcher-4.1.jar
Launcher Type: SUN_STANDARD

Environment Variables:
PATH=/usr/local/sbin:/usr/local/bin:/usr/sbin:/usr/bin:/sbin:/bin:/usr/games:/usr/local/games:/snap/bin
USERNAME=sridhar
LD_LIBRARY_PATH=/usr/local/android-studio/android-studio/bin:
SHELL=/bin/bash
DISPLAY=:1

Signal Handlers:
SIGSEGV: [libjvm.so+0x9ebc60], sa_mask[0]=11111111011111111101111111111110, sa_flags=SA_RESTART|SA_SIGINFO
SIGBUS: [libjvm.so+0x9ebc60], sa_mask[0]=11111111011111111101111111111110, sa_flags=SA_RESTART|SA_SIGINFO
SIGFPE: [libjvm.so+0x84cf60], sa_mask[0]=11111111011111111101111111111110, sa_flags=SA_RESTART|SA_SIGINFO
SIGPIPE: [libjvm.so+0x84cf60], sa_mask[0]=11111111011111111101111111111110, sa_flags=SA_RESTART|SA_SIGINFO
SIGXFSZ: [libjvm.so+0x84cf60], sa_mask[0]=11111111011111111101111111111110, sa_flags=SA_RESTART|SA_SIGINFO
SIGILL: [libjvm.so+0x84cf60], sa_mask[0]=11111111011111111101111111111110, sa_flags=SA_RESTART|SA_SIGINFO
SIGUSR1: SIG_DFL, sa_mask[0]=00000000000000000000000000000000, sa_flags=none
SIGUSR2: [libjvm.so+0x84ce30], sa_mask[0]=00100000000000000000000000000000, sa_flags=SA_RESTART|SA_SIGINFO
SIGHUP: [libjvm.so+0x84d020], sa_mask[0]=11111111011111111101111111111110, sa_flags=SA_RESTART|SA_SIGINFO
SIGINT: [libjvm.so+0x84d020], sa_mask[0]=11111111011111111101111111111110, sa_flags=SA_RESTART|SA_SIGINFO
SIGTERM: [libjvm.so+0x84d020], sa_mask[0]=11111111011111111101111111111110, sa_flags=SA_RESTART|SA_SIGINFO
SIGQUIT: [libjvm.so+0x84d020], sa_mask[0]=11111111011111111101111111111110, sa_flags=SA_RESTART|SA_SIGINFO


---------------  S Y S T E M  ---------------

OS:DISTRIB_ID=Ubuntu
DISTRIB_RELEASE=17.10
DISTRIB_CODENAME=artful
DISTRIB_DESCRIPTION="Ubuntu 17.10"

uname:Linux 4.13.0-38-generic #43-Ubuntu SMP Wed Mar 14 15:20:44 UTC 2018 x86_64
libc:glibc 2.26 NPTL 2.26 
rlimit: STACK 8192k, CORE 0k, NPROC 15316, NOFILE 1048576, AS infinity
load average:3.35 2.98 3.05

/proc/meminfo:
MemTotal:        3974468 kB
MemFree:           97624 kB
MemAvailable:      34752 kB
Buffers:           12512 kB
Cached:            76824 kB
SwapCached:        20636 kB
Active:          2928700 kB
Inactive:         611780 kB
Active(anon):    2882468 kB
Inactive(anon):   576424 kB
Active(file):      46232 kB
Inactive(file):    35356 kB
Unevictable:         332 kB
Mlocked:             332 kB
SwapTotal:       2097148 kB
SwapFree:          56740 kB
Dirty:               180 kB
Writeback:          6840 kB
AnonPages:       3432200 kB
Mapped:           134180 kB
Shmem:              7704 kB
Slab:              93224 kB
SReclaimable:      37556 kB
SUnreclaim:        55668 kB
KernelStack:       14256 kB
PageTables:        69376 kB
NFS_Unstable:          0 kB
Bounce:                0 kB
WritebackTmp:          0 kB
CommitLimit:     4084380 kB
Committed_AS:   11899112 kB
VmallocTotal:   34359738367 kB
VmallocUsed:           0 kB
VmallocChunk:          0 kB
HardwareCorrupted:     0 kB
AnonHugePages:         0 kB
ShmemHugePages:        0 kB
ShmemPmdMapped:        0 kB
CmaTotal:              0 kB
CmaFree:               0 kB
HugePages_Total:       0
HugePages_Free:        0
HugePages_Rsvd:        0
HugePages_Surp:        0
Hugepagesize:       2048 kB
DirectMap4k:      350912 kB
DirectMap2M:     3778560 kB
DirectMap1G:     1048576 kB


CPU:total 4 (initial active 4) (2 cores per cpu, 2 threads per core) family 6 model 69 stepping 1, cmov, cx8, fxsr, mmx, sse, sse2, sse3, ssse3, sse4.1, sse4.2, popcnt, avx, avx2, aes, clmul, erms, lzcnt, ht, tsc, tscinvbit, bmi1, bmi2

/proc/cpuinfo:
processor	: 0
vendor_id	: GenuineIntel
cpu family	: 6
model		: 69
model name	: Intel(R) Core(TM) i5-4210U CPU @ 1.70GHz
stepping	: 1
microcode	: 0x23
cpu MHz		: 1004.124
cache size	: 3072 KB
physical id	: 0
siblings	: 4
core id		: 0
cpu cores	: 2
apicid		: 0
initial apicid	: 0
fpu		: yes
fpu_exception	: yes
cpuid level	: 13
wp		: yes
flags		: fpu vme de pse tsc msr pae mce cx8 apic sep mtrr pge mca cmov pat pse36 clflush dts acpi mmx fxsr sse sse2 ss ht tm pbe syscall nx pdpe1gb rdtscp lm constant_tsc arch_perfmon pebs bts rep_good nopl xtopology nonstop_tsc cpuid aperfmperf pni pclmulqdq dtes64 monitor ds_cpl vmx est tm2 ssse3 sdbg fma cx16 xtpr pdcm pcid sse4_1 sse4_2 movbe popcnt tsc_deadline_timer aes xsave avx f16c rdrand lahf_lm abm cpuid_fault epb invpcid_single pti retpoline spec_ctrl tpr_shadow vnmi flexpriority ept vpid fsgsbase tsc_adjust bmi1 avx2 smep bmi2 erms invpcid xsaveopt dtherm ida arat pln pts
bugs		: cpu_meltdown spectre_v1 spectre_v2
bogomips	: 4789.05
clflush size	: 64
cache_alignment	: 64
address sizes	: 39 bits physical, 48 bits virtual
power management:

processor	: 1
vendor_id	: GenuineIntel
cpu family	: 6
model		: 69
model name	: Intel(R) Core(TM) i5-4210U CPU @ 1.70GHz
stepping	: 1
microcode	: 0x23
cpu MHz		: 998.540
cache size	: 3072 KB
physical id	: 0
siblings	: 4
core id		: 0
cpu cores	: 2
apicid		: 1
initial apicid	: 1
fpu		: yes
fpu_exception	: yes
cpuid level	: 13
wp		: yes
flags		: fpu vme de pse tsc msr pae mce cx8 apic sep mtrr pge mca cmov pat pse36 clflush dts acpi mmx fxsr sse sse2 ss ht tm pbe syscall nx pdpe1gb rdtscp lm constant_tsc arch_perfmon pebs bts rep_good nopl xtopology nonstop_tsc cpuid aperfmperf pni pclmulqdq dtes64 monitor ds_cpl vmx est tm2 ssse3 sdbg fma cx16 xtpr pdcm pcid sse4_1 sse4_2 movbe popcnt tsc_deadline_timer aes xsave avx f16c rdrand lahf_lm abm cpuid_fault epb invpcid_single pti retpoline spec_ctrl tpr_shadow vnmi flexpriority ept vpid fsgsbase tsc_adjust bmi1 avx2 smep bmi2 erms invpcid xsaveopt dtherm ida arat pln pts
bugs		: cpu_meltdown spectre_v1 spectre_v2
bogomips	: 4789.05
clflush size	: 64
cache_alignment	: 64
address sizes	: 39 bits physical, 48 bits virtual
power management:

processor	: 2
vendor_id	: GenuineIntel
cpu family	: 6
model		: 69
model name	: Intel(R) Core(TM) i5-4210U CPU @ 1.70GHz
stepping	: 1
microcode	: 0x23
cpu MHz		: 997.852
cache size	: 3072 KB
physical id	: 0
siblings	: 4
core id		: 1
cpu cores	: 2
apicid		: 2
initial apicid	: 2
fpu		: yes
fpu_exception	: yes
cpuid level	: 13
wp		: yes
flags		: fpu vme de pse tsc msr pae mce cx8 apic sep mtrr pge mca cmov pat pse36 clflush dts acpi mmx fxsr sse sse2 ss ht tm pbe syscall nx pdpe1gb rdtscp lm constant_tsc arch_perfmon pebs bts rep_good nopl xtopology nonstop_tsc cpuid aperfmperf pni pclmulqdq dtes64 monitor ds_cpl vmx est tm2 ssse3 sdbg fma cx16 xtpr pdcm pcid sse4_1 sse4_2 movbe popcnt tsc_deadline_timer aes xsave avx f16c rdrand lahf_lm abm cpuid_fault epb invpcid_single pti retpoline spec_ctrl tpr_shadow vnmi flexpriority ept vpid fsgsbase tsc_adjust bmi1 avx2 smep bmi2 erms invpcid xsaveopt dtherm ida arat pln pts
bugs		: cpu_meltdown spectre_v1 spectre_v2
bogomips	: 4789.05
clflush size	: 64
cache_alignment	: 64
address sizes	: 39 bits physical, 48 bits virtual
power management:

processor	: 3
vendor_id	: GenuineIntel
cpu family	: 6
model		: 69
model name	: Intel(R) Core(TM) i5-4210U CPU @ 1.70GHz
stepping	: 1
microcode	: 0x23
cpu MHz		: 998.247
cache size	: 3072 KB
physical id	: 0
siblings	: 4
core id		: 1
cpu cores	: 2
apicid		: 3
initial apicid	: 3
fpu		: yes
fpu_exception	: yes
cpuid level	: 13
wp		: yes
flags		: fpu vme de pse tsc msr pae mce cx8 apic sep mtrr pge mca cmov pat pse36 clflush dts acpi mmx fxsr sse sse2 ss ht tm pbe syscall nx pdpe1gb rdtscp lm constant_tsc arch_perfmon pebs bts rep_good nopl xtopology nonstop_tsc cpuid aperfmperf pni pclmulqdq dtes64 monitor ds_cpl vmx est tm2 ssse3 sdbg fma cx16 xtpr pdcm pcid sse4_1 sse4_2 movbe popcnt tsc_deadline_timer aes xsave avx f16c rdrand lahf_lm abm cpuid_fault epb invpcid_single pti retpoline spec_ctrl tpr_shadow vnmi flexpriority ept vpid fsgsbase tsc_adjust bmi1 avx2 smep bmi2 erms invpcid xsaveopt dtherm ida arat pln pts
bugs		: cpu_meltdown spectre_v1 spectre_v2
bogomips	: 4789.05
clflush size	: 64
cache_alignment	: 64
address sizes	: 39 bits physical, 48 bits virtual
power management:



Memory: 4k page, physical 3974468k(100648k free), swap 2097148k(56592k free)

vm_info: OpenJDK 64-Bit Server VM (25.152-b01) for linux-amd64 JRE (1.8.0_152-release-915-b01), built by "builder" with gcc 4.8.4

time: Mon Apr 23 15:55:38 2018
elapsed time: 95 seconds (0d 0h 1m 35s)

